Using pre-set license
Built from '2021.3/staging' branch; Version is '2021.3.9f1 (ad3870b89536) revision 11352176'; Using compiler version '192829333'; Build Type 'Release'
OS: 'Windows 10  (10.0.19044) 64bit Core' Language: 'en' Physical Memory: 16334 MB
BatchMode: 1, IsHumanControllingUs: 0, StartBugReporterOnCrash: 0, Is64bit: 1, IsPro: 1

COMMAND LINE ARGUMENTS:
C:\Program Files\Unity\Hub\Editor\2021.3.9f1\Editor\Unity.exe
-adb2
-batchMode
-noUpm
-name
AssetImportWorker4
-projectPath
C:/Users/Archie Minney/Documents/GitHub/Jammin/LoveAtADistance
-logFile
Logs/AssetImportWorker4.log
-srvPort
59853
Successfully changed project path to: C:/Users/Archie Minney/Documents/GitHub/Jammin/LoveAtADistance
C:/Users/Archie Minney/Documents/GitHub/Jammin/LoveAtADistance
[UnityMemory] Configuration Parameters - Can be set up in boot.config
    "memorysetup-bucket-allocator-granularity=16"
    "memorysetup-bucket-allocator-bucket-count=8"
    "memorysetup-bucket-allocator-block-size=33554432"
    "memorysetup-bucket-allocator-block-count=8"
    "memorysetup-main-allocator-block-size=16777216"
    "memorysetup-thread-allocator-block-size=16777216"
    "memorysetup-gfx-main-allocator-block-size=16777216"
    "memorysetup-gfx-thread-allocator-block-size=16777216"
    "memorysetup-cache-allocator-block-size=4194304"
    "memorysetup-typetree-allocator-block-size=2097152"
    "memorysetup-profiler-bucket-allocator-granularity=16"
    "memorysetup-profiler-bucket-allocator-bucket-count=8"
    "memorysetup-profiler-bucket-allocator-block-size=33554432"
    "memorysetup-profiler-bucket-allocator-block-count=8"
    "memorysetup-profiler-allocator-block-size=16777216"
    "memorysetup-profiler-editor-allocator-block-size=1048576"
    "memorysetup-temp-allocator-size-main=16777216"
    "memorysetup-job-temp-allocator-block-size=2097152"
    "memorysetup-job-temp-allocator-block-size-background=1048576"
    "memorysetup-job-temp-allocator-reduction-small-platforms=262144"
    "memorysetup-temp-allocator-size-background-worker=32768"
    "memorysetup-temp-allocator-size-job-worker=262144"
    "memorysetup-temp-allocator-size-preload-manager=33554432"
    "memorysetup-temp-allocator-size-nav-mesh-worker=65536"
    "memorysetup-temp-allocator-size-audio-worker=65536"
    "memorysetup-temp-allocator-size-cloud-worker=32768"
    "memorysetup-temp-allocator-size-gi-baking-worker=262144"
    "memorysetup-temp-allocator-size-gfx=262144"
Refreshing native plugins compatible for Editor in 88.96 ms, found 4 plugins.
Preloading 0 native plugins for Editor in 0.00 ms.
Initialize engine version: 2021.3.9f1 (ad3870b89536)
[Subsystems] Discovering subsystems at path C:/Program Files/Unity/Hub/Editor/2021.3.9f1/Editor/Data/Resources/UnitySubsystems
[Subsystems] Discovering subsystems at path C:/Users/Archie Minney/Documents/GitHub/Jammin/LoveAtADistance/Assets
GfxDevice: creating device client; threaded=0; jobified=0
Direct3D:
    Version:  Direct3D 11.0 [level 11.1]
    Renderer: AMD Radeon RX 5700 (ID=0x731f)
    Vendor:   ATI
    VRAM:     8151 MB
    Driver:   31.0.12027.7000
Initialize mono
Mono path[0] = 'C:/Program Files/Unity/Hub/Editor/2021.3.9f1/Editor/Data/Managed'
Mono path[1] = 'C:/Program Files/Unity/Hub/Editor/2021.3.9f1/Editor/Data/MonoBleedingEdge/lib/mono/unityjit-win32'
Mono config path = 'C:/Program Files/Unity/Hub/Editor/2021.3.9f1/Editor/Data/MonoBleedingEdge/etc'
Using monoOptions --debugger-agent=transport=dt_socket,embedding=1,server=y,suspend=n,address=127.0.0.1:56700
Begin MonoManager ReloadAssembly
Registering precompiled unity dll's ...
Register platform support module: C:/Program Files/Unity/Hub/Editor/2021.3.9f1/Editor/Data/PlaybackEngines/WindowsStandaloneSupport/UnityEditor.WindowsStandalone.Extensions.dll
Registered in 0.007704 seconds.
Native extension for WindowsStandalone target not found
Refreshing native plugins compatible for Editor in 87.97 ms, found 4 plugins.
Preloading 0 native plugins for Editor in 0.00 ms.
Mono: successfully reloaded assembly
- Completed reload, in  0.600 seconds
Domain Reload Profiling:
	ReloadAssembly (601ms)
		BeginReloadAssembly (70ms)
			ExecutionOrderSort (0ms)
			DisableScriptedObjects (0ms)
			BackupInstance (0ms)
			ReleaseScriptingObjects (0ms)
			CreateAndSetChildDomain (1ms)
		EndReloadAssembly (424ms)
			LoadAssemblies (68ms)
			RebuildTransferFunctionScriptingTraits (0ms)
			SetupTypeCache (90ms)
			ReleaseScriptCaches (0ms)
			RebuildScriptCaches (24ms)
			SetupLoadedEditorAssemblies (264ms)
				LogAssemblyErrors (0ms)
				InitializePlatformSupportModulesInManaged (7ms)
				SetLoadedEditorAssemblies (0ms)
				RefreshPlugins (88ms)
				BeforeProcessingInitializeOnLoad (1ms)
				ProcessInitializeOnLoadAttributes (126ms)
				ProcessInitializeOnLoadMethodAttributes (41ms)
				AfterProcessingInitializeOnLoad (0ms)
				EditorAssembliesLoaded (0ms)
			ExecutionOrderSort2 (0ms)
			AwakeInstancesAfterBackupRestoration (0ms)
Platform modules already initialized, skipping
Registering precompiled user dll's ...
Registered in 0.008177 seconds.
Begin MonoManager ReloadAssembly
Symbol file LoadedFromMemory doesn't match image C:\Users\Archie Minney\Documents\GitHub\Jammin\LoveAtADistance\Library\PackageCache\com.unity.visualscripting@1.7.8\Editor\VisualScripting.Core\Dependencies\YamlDotNet\Unity.VisualScripting.YamlDotNet.dll
Symbol file LoadedFromMemory doesn't match image C:\Users\Archie Minney\Documents\GitHub\Jammin\LoveAtADistance\Library\PackageCache\com.unity.visualscripting@1.7.8\Editor\VisualScripting.Core\Dependencies\DotNetZip\Unity.VisualScripting.IonicZip.dll
Native extension for WindowsStandalone target not found
Refreshing native plugins compatible for Editor in 85.70 ms, found 4 plugins.
Preloading 0 native plugins for Editor in 0.00 ms.
Mono: successfully reloaded assembly
- Completed reload, in  1.065 seconds
Domain Reload Profiling:
	ReloadAssembly (1066ms)
		BeginReloadAssembly (101ms)
			ExecutionOrderSort (0ms)
			DisableScriptedObjects (5ms)
			BackupInstance (0ms)
			ReleaseScriptingObjects (0ms)
			CreateAndSetChildDomain (17ms)
		EndReloadAssembly (855ms)
			LoadAssemblies (86ms)
			RebuildTransferFunctionScriptingTraits (0ms)
			SetupTypeCache (216ms)
			ReleaseScriptCaches (1ms)
			RebuildScriptCaches (50ms)
			SetupLoadedEditorAssemblies (462ms)
				LogAssemblyErrors (0ms)
				InitializePlatformSupportModulesInManaged (4ms)
				SetLoadedEditorAssemblies (0ms)
				RefreshPlugins (86ms)
				BeforeProcessingInitializeOnLoad (100ms)
				ProcessInitializeOnLoadAttributes (223ms)
				ProcessInitializeOnLoadMethodAttributes (38ms)
				AfterProcessingInitializeOnLoad (11ms)
				EditorAssembliesLoaded (0ms)
			ExecutionOrderSort2 (0ms)
			AwakeInstancesAfterBackupRestoration (7ms)
Platform modules already initialized, skipping
========================================================================
Worker process is ready to serve import requests
Launched and connected shader compiler UnityShaderCompiler.exe after 0.05 seconds
Refreshing native plugins compatible for Editor in 0.78 ms, found 4 plugins.
Preloading 0 native plugins for Editor in 0.00 ms.
Unloading 4090 Unused Serialized files (Serialized files now loaded: 0)
Unloading 38 unused Assets / (55.6 KB). Loaded Objects now: 4547.
Memory consumption went from 153.7 MB to 153.7 MB.
Total: 3.639300 ms (FindLiveObjects: 0.481100 ms CreateObjectMapping: 0.126900 ms MarkObjects: 2.954400 ms  DeleteObjects: 0.076000 ms)

AssetImportParameters requested are different than current active one (requested -> active):
  custom:video-decoder-ogg-theora: a1e56fd34408186e4bbccfd4996cb3dc -> 
  custom:container-muxer-webm: aa71ff27fc2769a1b78a27578f13a17b -> 
  custom:container-demuxer-webm: 4f35f7cbe854078d1ac9338744f61a02 -> 
  custom:video-encoder-webm-vp8: eb34c28f22e8b96e1ab97ce403110664 -> 
  custom:audio-encoder-webm-vorbis: bf7c407c2cedff20999df2af8eb42d56 -> 
  custom:framework-win-MediaFoundation: 216162199b28c13a410421893ffa2e32 -> 
  custom:container-demuxer-ogg: 62fdf1f143b41e24485cea50d1cbac27 -> 
  custom:video-decoder-webm-vp8: 9c59270c3fd7afecdb556c50c9e8de78 -> 
  custom:audio-decoder-ogg-vorbis: bf7c407c2cedff20999df2af8eb42d56 -> 
========================================================================
Received Import Request.
  Time since last request: 2664452.008524 seconds.
  path: Assets/Tiles/Walls/Corner_Ground_01.asset
  artifactKey: Guid(034b292942c59894ca632b8656bb487a) Importer(815301076,1909f56bfc062723c751e8b465ee728b)
Start importing Assets/Tiles/Walls/Corner_Ground_01.asset using Guid(034b292942c59894ca632b8656bb487a) Importer(815301076,1909f56bfc062723c751e8b465ee728b)  -> (artifact id: '6cbbad0f3fc41f93d3e1b9ab277c13a6') in 0.424825 seconds 
========================================================================
Received Import Request.
  Time since last request: 11.631399 seconds.
  path: Assets/Sprites/TileSprites/Ground_Wall_Left_03.jpg
  artifactKey: Guid(f018c57d1d4c36144aa5f3dd86ab203a) Importer(815301076,1909f56bfc062723c751e8b465ee728b)
Start importing Assets/Sprites/TileSprites/Ground_Wall_Left_03.jpg using Guid(f018c57d1d4c36144aa5f3dd86ab203a) Importer(815301076,1909f56bfc062723c751e8b465ee728b)  -> (artifact id: '24628e4a0781d74eb865ffe5ee9d521b') in 0.065846 seconds 
========================================================================
Received Import Request.
  Time since last request: 27.409217 seconds.
  path: Assets/Sprites/TileSprites/Ground_Wall_Right_02.jpg
  artifactKey: Guid(36aac0b1110188a47989082366b499eb) Importer(815301076,1909f56bfc062723c751e8b465ee728b)
Start importing Assets/Sprites/TileSprites/Ground_Wall_Right_02.jpg using Guid(36aac0b1110188a47989082366b499eb) Importer(815301076,1909f56bfc062723c751e8b465ee728b)  -> (artifact id: '8a4389b245f1c619e639f21beb6ff4b9') in 0.020842 seconds 
========================================================================
Received Import Request.
  Time since last request: 16.297577 seconds.
  path: Assets/Sprites/TileSprites/Ground_Wall_Right_01.jpg
  artifactKey: Guid(f018c57d1d4c36144aa5f3dd86ab203a) Importer(815301076,1909f56bfc062723c751e8b465ee728b)
Start importing Assets/Sprites/TileSprites/Ground_Wall_Right_01.jpg using Guid(f018c57d1d4c36144aa5f3dd86ab203a) Importer(815301076,1909f56bfc062723c751e8b465ee728b)  -> (artifact id: '82645cda747e4fa9eaba7e151c1e5a10') in 0.017509 seconds 
========================================================================
Received Import Request.
  Time since last request: 12.300816 seconds.
  path: Assets/Sprites/TileSprites/Ground_Wall_Right_01.jpg
  artifactKey: Guid(f018c57d1d4c36144aa5f3dd86ab203a) Importer(815301076,1909f56bfc062723c751e8b465ee728b)
Start importing Assets/Sprites/TileSprites/Ground_Wall_Right_01.jpg using Guid(f018c57d1d4c36144aa5f3dd86ab203a) Importer(815301076,1909f56bfc062723c751e8b465ee728b)  -> (artifact id: '56266b9e33a4f378d2cfd71483f1496b') in 0.017784 seconds 
========================================================================
Received Import Request.
  Time since last request: 95.475656 seconds.
  path: Assets/Sprites/TileSprites/Corner_Ground_02.jpg
  artifactKey: Guid(015c5efd8f289c54da20db05be196d55) Importer(815301076,1909f56bfc062723c751e8b465ee728b)
Start importing Assets/Sprites/TileSprites/Corner_Ground_02.jpg using Guid(015c5efd8f289c54da20db05be196d55) Importer(815301076,1909f56bfc062723c751e8b465ee728b)  -> (artifact id: 'cae8860706e52f9507cfa6e35dacfabf') in 0.022361 seconds 
========================================================================
Received Prepare
Registering precompiled user dll's ...
Registered in 0.010718 seconds.
Begin MonoManager ReloadAssembly
Symbol file LoadedFromMemory doesn't match image C:\Users\Archie Minney\Documents\GitHub\Jammin\LoveAtADistance\Library\PackageCache\com.unity.visualscripting@1.7.8\Editor\VisualScripting.Core\Dependencies\YamlDotNet\Unity.VisualScripting.YamlDotNet.dll
Symbol file LoadedFromMemory doesn't match image C:\Users\Archie Minney\Documents\GitHub\Jammin\LoveAtADistance\Library\PackageCache\com.unity.visualscripting@1.7.8\Editor\VisualScripting.Core\Dependencies\DotNetZip\Unity.VisualScripting.IonicZip.dll
Native extension for WindowsStandalone target not found
Refreshing native plugins compatible for Editor in 0.86 ms, found 4 plugins.
Preloading 0 native plugins for Editor in 0.00 ms.
Mono: successfully reloaded assembly
- Completed reload, in  0.962 seconds
Domain Reload Profiling:
	ReloadAssembly (963ms)
		BeginReloadAssembly (116ms)
			ExecutionOrderSort (0ms)
			DisableScriptedObjects (6ms)
			BackupInstance (0ms)
			ReleaseScriptingObjects (0ms)
			CreateAndSetChildDomain (32ms)
		EndReloadAssembly (755ms)
			LoadAssemblies (78ms)
			RebuildTransferFunctionScriptingTraits (0ms)
			SetupTypeCache (229ms)
			ReleaseScriptCaches (1ms)
			RebuildScriptCaches (44ms)
			SetupLoadedEditorAssemblies (348ms)
				LogAssemblyErrors (0ms)
				InitializePlatformSupportModulesInManaged (13ms)
				SetLoadedEditorAssemblies (0ms)
				RefreshPlugins (1ms)
				BeforeProcessingInitializeOnLoad (85ms)
				ProcessInitializeOnLoadAttributes (203ms)
				ProcessInitializeOnLoadMethodAttributes (36ms)
				AfterProcessingInitializeOnLoad (10ms)
				EditorAssembliesLoaded (0ms)
			ExecutionOrderSort2 (0ms)
			AwakeInstancesAfterBackupRestoration (9ms)
Platform modules already initialized, skipping
Refreshing native plugins compatible for Editor in 4.14 ms, found 4 plugins.
Preloading 0 native plugins for Editor in 0.00 ms.
Unloading 4066 Unused Serialized files (Serialized files now loaded: 0)
Unloading 25 unused Assets / (24.6 KB). Loaded Objects now: 4558.
Memory consumption went from 156.2 MB to 156.1 MB.
Total: 3.403500 ms (FindLiveObjects: 0.365300 ms CreateObjectMapping: 0.124400 ms MarkObjects: 2.885100 ms  DeleteObjects: 0.027700 ms)

AssetImportParameters requested are different than current active one (requested -> active):
  custom:video-decoder-ogg-theora: a1e56fd34408186e4bbccfd4996cb3dc -> 
  custom:container-muxer-webm: aa71ff27fc2769a1b78a27578f13a17b -> 
  custom:container-demuxer-webm: 4f35f7cbe854078d1ac9338744f61a02 -> 
  custom:video-encoder-webm-vp8: eb34c28f22e8b96e1ab97ce403110664 -> 
  custom:audio-encoder-webm-vorbis: bf7c407c2cedff20999df2af8eb42d56 -> 
  custom:framework-win-MediaFoundation: 216162199b28c13a410421893ffa2e32 -> 
  custom:container-demuxer-ogg: 62fdf1f143b41e24485cea50d1cbac27 -> 
  custom:video-decoder-webm-vp8: 9c59270c3fd7afecdb556c50c9e8de78 -> 
  custom:audio-decoder-ogg-vorbis: bf7c407c2cedff20999df2af8eb42d56 -> 
========================================================================
Received Prepare
Registering precompiled user dll's ...
Registered in 0.007763 seconds.
Begin MonoManager ReloadAssembly
Symbol file LoadedFromMemory doesn't match image C:\Users\Archie Minney\Documents\GitHub\Jammin\LoveAtADistance\Library\PackageCache\com.unity.visualscripting@1.7.8\Editor\VisualScripting.Core\Dependencies\YamlDotNet\Unity.VisualScripting.YamlDotNet.dll
Symbol file LoadedFromMemory doesn't match image C:\Users\Archie Minney\Documents\GitHub\Jammin\LoveAtADistance\Library\PackageCache\com.unity.visualscripting@1.7.8\Editor\VisualScripting.Core\Dependencies\DotNetZip\Unity.VisualScripting.IonicZip.dll
Native extension for WindowsStandalone target not found
Refreshing native plugins compatible for Editor in 0.79 ms, found 4 plugins.
Preloading 0 native plugins for Editor in 0.00 ms.
Mono: successfully reloaded assembly
- Completed reload, in  0.945 seconds
Domain Reload Profiling:
	ReloadAssembly (946ms)
		BeginReloadAssembly (118ms)
			ExecutionOrderSort (0ms)
			DisableScriptedObjects (6ms)
			BackupInstance (0ms)
			ReleaseScriptingObjects (0ms)
			CreateAndSetChildDomain (31ms)
		EndReloadAssembly (734ms)
			LoadAssemblies (80ms)
			RebuildTransferFunctionScriptingTraits (0ms)
			SetupTypeCache (218ms)
			ReleaseScriptCaches (2ms)
			RebuildScriptCaches (42ms)
			SetupLoadedEditorAssemblies (345ms)
				LogAssemblyErrors (0ms)
				InitializePlatformSupportModulesInManaged (13ms)
				SetLoadedEditorAssemblies (0ms)
				RefreshPlugins (1ms)
				BeforeProcessingInitializeOnLoad (80ms)
				ProcessInitializeOnLoadAttributes (200ms)
				ProcessInitializeOnLoadMethodAttributes (40ms)
				AfterProcessingInitializeOnLoad (10ms)
				EditorAssembliesLoaded (0ms)
			ExecutionOrderSort2 (0ms)
			AwakeInstancesAfterBackupRestoration (9ms)
Platform modules already initialized, skipping
Refreshing native plugins compatible for Editor in 3.09 ms, found 4 plugins.
Preloading 0 native plugins for Editor in 0.00 ms.
Unloading 4066 Unused Serialized files (Serialized files now loaded: 0)
Unloading 25 unused Assets / (24.7 KB). Loaded Objects now: 4561.
Memory consumption went from 156.2 MB to 156.1 MB.
Total: 2.809100 ms (FindLiveObjects: 0.292100 ms CreateObjectMapping: 0.093100 ms MarkObjects: 2.404600 ms  DeleteObjects: 0.018500 ms)

AssetImportParameters requested are different than current active one (requested -> active):
  custom:video-decoder-ogg-theora: a1e56fd34408186e4bbccfd4996cb3dc -> 
  custom:container-muxer-webm: aa71ff27fc2769a1b78a27578f13a17b -> 
  custom:container-demuxer-webm: 4f35f7cbe854078d1ac9338744f61a02 -> 
  custom:video-encoder-webm-vp8: eb34c28f22e8b96e1ab97ce403110664 -> 
  custom:audio-encoder-webm-vorbis: bf7c407c2cedff20999df2af8eb42d56 -> 
  custom:framework-win-MediaFoundation: 216162199b28c13a410421893ffa2e32 -> 
  custom:container-demuxer-ogg: 62fdf1f143b41e24485cea50d1cbac27 -> 
  custom:video-decoder-webm-vp8: 9c59270c3fd7afecdb556c50c9e8de78 -> 
  custom:audio-decoder-ogg-vorbis: bf7c407c2cedff20999df2af8eb42d56 -> 
========================================================================
Received Prepare
Registering precompiled user dll's ...
Registered in 0.008778 seconds.
Begin MonoManager ReloadAssembly
Symbol file LoadedFromMemory doesn't match image C:\Users\Archie Minney\Documents\GitHub\Jammin\LoveAtADistance\Library\PackageCache\com.unity.visualscripting@1.7.8\Editor\VisualScripting.Core\Dependencies\YamlDotNet\Unity.VisualScripting.YamlDotNet.dll
Symbol file LoadedFromMemory doesn't match image C:\Users\Archie Minney\Documents\GitHub\Jammin\LoveAtADistance\Library\PackageCache\com.unity.visualscripting@1.7.8\Editor\VisualScripting.Core\Dependencies\DotNetZip\Unity.VisualScripting.IonicZip.dll
Native extension for WindowsStandalone target not found
Refreshing native plugins compatible for Editor in 0.75 ms, found 4 plugins.
Preloading 0 native plugins for Editor in 0.00 ms.
Mono: successfully reloaded assembly
- Completed reload, in  0.992 seconds
Domain Reload Profiling:
	ReloadAssembly (992ms)
		BeginReloadAssembly (126ms)
			ExecutionOrderSort (0ms)
			DisableScriptedObjects (6ms)
			BackupInstance (0ms)
			ReleaseScriptingObjects (0ms)
			CreateAndSetChildDomain (34ms)
		EndReloadAssembly (765ms)
			LoadAssemblies (87ms)
			RebuildTransferFunctionScriptingTraits (0ms)
			SetupTypeCache (216ms)
			ReleaseScriptCaches (1ms)
			RebuildScriptCaches (41ms)
			SetupLoadedEditorAssemblies (367ms)
				LogAssemblyErrors (0ms)
				InitializePlatformSupportModulesInManaged (12ms)
				SetLoadedEditorAssemblies (0ms)
				RefreshPlugins (1ms)
				BeforeProcessingInitializeOnLoad (92ms)
				ProcessInitializeOnLoadAttributes (214ms)
				ProcessInitializeOnLoadMethodAttributes (37ms)
				AfterProcessingInitializeOnLoad (9ms)
				EditorAssembliesLoaded (0ms)
			ExecutionOrderSort2 (0ms)
			AwakeInstancesAfterBackupRestoration (9ms)
Platform modules already initialized, skipping
Refreshing native plugins compatible for Editor in 2.70 ms, found 4 plugins.
Preloading 0 native plugins for Editor in 0.00 ms.
Unloading 4066 Unused Serialized files (Serialized files now loaded: 0)
Unloading 25 unused Assets / (24.6 KB). Loaded Objects now: 4564.
Memory consumption went from 156.2 MB to 156.2 MB.
Total: 3.023900 ms (FindLiveObjects: 0.314700 ms CreateObjectMapping: 0.095700 ms MarkObjects: 2.591700 ms  DeleteObjects: 0.020900 ms)

AssetImportParameters requested are different than current active one (requested -> active):
  custom:video-decoder-ogg-theora: a1e56fd34408186e4bbccfd4996cb3dc -> 
  custom:container-muxer-webm: aa71ff27fc2769a1b78a27578f13a17b -> 
  custom:container-demuxer-webm: 4f35f7cbe854078d1ac9338744f61a02 -> 
  custom:video-encoder-webm-vp8: eb34c28f22e8b96e1ab97ce403110664 -> 
  custom:audio-encoder-webm-vorbis: bf7c407c2cedff20999df2af8eb42d56 -> 
  custom:framework-win-MediaFoundation: 216162199b28c13a410421893ffa2e32 -> 
  custom:container-demuxer-ogg: 62fdf1f143b41e24485cea50d1cbac27 -> 
  custom:video-decoder-webm-vp8: 9c59270c3fd7afecdb556c50c9e8de78 -> 
  custom:audio-decoder-ogg-vorbis: bf7c407c2cedff20999df2af8eb42d56 -> 
========================================================================
Received Prepare
Registering precompiled user dll's ...
Registered in 0.007566 seconds.
Begin MonoManager ReloadAssembly
Symbol file LoadedFromMemory doesn't match image C:\Users\Archie Minney\Documents\GitHub\Jammin\LoveAtADistance\Library\PackageCache\com.unity.visualscripting@1.7.8\Editor\VisualScripting.Core\Dependencies\YamlDotNet\Unity.VisualScripting.YamlDotNet.dll
Symbol file LoadedFromMemory doesn't match image C:\Users\Archie Minney\Documents\GitHub\Jammin\LoveAtADistance\Library\PackageCache\com.unity.visualscripting@1.7.8\Editor\VisualScripting.Core\Dependencies\DotNetZip\Unity.VisualScripting.IonicZip.dll
Native extension for WindowsStandalone target not found
Refreshing native plugins compatible for Editor in 0.76 ms, found 4 plugins.
Preloading 0 native plugins for Editor in 0.00 ms.
Mono: successfully reloaded assembly
- Completed reload, in  1.028 seconds
Domain Reload Profiling:
	ReloadAssembly (1029ms)
		BeginReloadAssembly (154ms)
			ExecutionOrderSort (0ms)
			DisableScriptedObjects (10ms)
			BackupInstance (0ms)
			ReleaseScriptingObjects (0ms)
			CreateAndSetChildDomain (54ms)
		EndReloadAssembly (770ms)
			LoadAssemblies (91ms)
			RebuildTransferFunctionScriptingTraits (0ms)
			SetupTypeCache (235ms)
			ReleaseScriptCaches (1ms)
			RebuildScriptCaches (43ms)
			SetupLoadedEditorAssemblies (353ms)
				LogAssemblyErrors (0ms)
				InitializePlatformSupportModulesInManaged (13ms)
				SetLoadedEditorAssemblies (0ms)
				RefreshPlugins (1ms)
				BeforeProcessingInitializeOnLoad (83ms)
				ProcessInitializeOnLoadAttributes (205ms)
				ProcessInitializeOnLoadMethodAttributes (37ms)
				AfterProcessingInitializeOnLoad (13ms)
				EditorAssembliesLoaded (0ms)
			ExecutionOrderSort2 (0ms)
			AwakeInstancesAfterBackupRestoration (11ms)
Platform modules already initialized, skipping
Refreshing native plugins compatible for Editor in 2.62 ms, found 4 plugins.
Preloading 0 native plugins for Editor in 0.00 ms.
Unloading 4066 Unused Serialized files (Serialized files now loaded: 0)
Unloading 25 unused Assets / (24.6 KB). Loaded Objects now: 4567.
Memory consumption went from 156.2 MB to 156.2 MB.
Total: 3.932700 ms (FindLiveObjects: 0.306900 ms CreateObjectMapping: 0.102400 ms MarkObjects: 3.491200 ms  DeleteObjects: 0.031300 ms)

AssetImportParameters requested are different than current active one (requested -> active):
  custom:video-decoder-ogg-theora: a1e56fd34408186e4bbccfd4996cb3dc -> 
  custom:container-muxer-webm: aa71ff27fc2769a1b78a27578f13a17b -> 
  custom:container-demuxer-webm: 4f35f7cbe854078d1ac9338744f61a02 -> 
  custom:video-encoder-webm-vp8: eb34c28f22e8b96e1ab97ce403110664 -> 
  custom:audio-encoder-webm-vorbis: bf7c407c2cedff20999df2af8eb42d56 -> 
  custom:framework-win-MediaFoundation: 216162199b28c13a410421893ffa2e32 -> 
  custom:container-demuxer-ogg: 62fdf1f143b41e24485cea50d1cbac27 -> 
  custom:video-decoder-webm-vp8: 9c59270c3fd7afecdb556c50c9e8de78 -> 
  custom:audio-decoder-ogg-vorbis: bf7c407c2cedff20999df2af8eb42d56 -> 
========================================================================
Received Import Request.
  Time since last request: 37504.086391 seconds.
  path: Assets/Sprites/TileSprites/IMG_1887.jpg
  artifactKey: Guid(80b97a64edd09a743a4042524498e3a5) Importer(815301076,1909f56bfc062723c751e8b465ee728b)
Start importing Assets/Sprites/TileSprites/IMG_1887.jpg using Guid(80b97a64edd09a743a4042524498e3a5) Importer(815301076,1909f56bfc062723c751e8b465ee728b)  -> (artifact id: '2d74bac7ab5b8ad6a445862917e03fa1') in 0.294473 seconds 
========================================================================
Received Import Request.
  Time since last request: 16.027853 seconds.
  path: Assets/Sprites/TileSprites/Solid_Wall_01.jpg
  artifactKey: Guid(80b97a64edd09a743a4042524498e3a5) Importer(815301076,1909f56bfc062723c751e8b465ee728b)
Start importing Assets/Sprites/TileSprites/Solid_Wall_01.jpg using Guid(80b97a64edd09a743a4042524498e3a5) Importer(815301076,1909f56bfc062723c751e8b465ee728b)  -> (artifact id: '2cb62492892bc3fe0ff0127091acc78b') in 0.022309 seconds 
========================================================================
Received Import Request.
  Time since last request: 4.980753 seconds.
  path: Assets/Sprites/TileSprites/Solid_Wall_01.jpg
  artifactKey: Guid(80b97a64edd09a743a4042524498e3a5) Importer(815301076,1909f56bfc062723c751e8b465ee728b)
Start importing Assets/Sprites/TileSprites/Solid_Wall_01.jpg using Guid(80b97a64edd09a743a4042524498e3a5) Importer(815301076,1909f56bfc062723c751e8b465ee728b)  -> (artifact id: 'f55a4a714e02515b481a221cd239122f') in 0.022930 seconds 
========================================================================
Received Prepare
Registering precompiled user dll's ...
Registered in 0.008555 seconds.
Begin MonoManager ReloadAssembly
Symbol file LoadedFromMemory doesn't match image C:\Users\Archie Minney\Documents\GitHub\Jammin\LoveAtADistance\Library\PackageCache\com.unity.visualscripting@1.7.8\Editor\VisualScripting.Core\Dependencies\YamlDotNet\Unity.VisualScripting.YamlDotNet.dll
Symbol file LoadedFromMemory doesn't match image C:\Users\Archie Minney\Documents\GitHub\Jammin\LoveAtADistance\Library\PackageCache\com.unity.visualscripting@1.7.8\Editor\VisualScripting.Core\Dependencies\DotNetZip\Unity.VisualScripting.IonicZip.dll
Native extension for WindowsStandalone target not found
Refreshing native plugins compatible for Editor in 0.77 ms, found 4 plugins.
Preloading 0 native plugins for Editor in 0.00 ms.
Mono: successfully reloaded assembly
- Completed reload, in  1.081 seconds
Domain Reload Profiling:
	ReloadAssembly (1081ms)
		BeginReloadAssembly (186ms)
			ExecutionOrderSort (0ms)
			DisableScriptedObjects (8ms)
			BackupInstance (0ms)
			ReleaseScriptingObjects (0ms)
			CreateAndSetChildDomain (70ms)
		EndReloadAssembly (784ms)
			LoadAssemblies (108ms)
			RebuildTransferFunctionScriptingTraits (0ms)
			SetupTypeCache (245ms)
			ReleaseScriptCaches (1ms)
			RebuildScriptCaches (46ms)
			SetupLoadedEditorAssemblies (349ms)
				LogAssemblyErrors (0ms)
				InitializePlatformSupportModulesInManaged (13ms)
				SetLoadedEditorAssemblies (1ms)
				RefreshPlugins (1ms)
				BeforeProcessingInitializeOnLoad (83ms)
				ProcessInitializeOnLoadAttributes (206ms)
				ProcessInitializeOnLoadMethodAttributes (37ms)
				AfterProcessingInitializeOnLoad (9ms)
				EditorAssembliesLoaded (0ms)
			ExecutionOrderSort2 (0ms)
			AwakeInstancesAfterBackupRestoration (10ms)
Platform modules already initialized, skipping
Refreshing native plugins compatible for Editor in 4.35 ms, found 4 plugins.
Preloading 0 native plugins for Editor in 0.00 ms.
Unloading 4066 Unused Serialized files (Serialized files now loaded: 0)
Unloading 25 unused Assets / (24.7 KB). Loaded Objects now: 4570.
Memory consumption went from 156.2 MB to 156.2 MB.
Total: 3.599200 ms (FindLiveObjects: 0.301600 ms CreateObjectMapping: 0.114700 ms MarkObjects: 3.155100 ms  DeleteObjects: 0.026900 ms)

AssetImportParameters requested are different than current active one (requested -> active):
  custom:video-decoder-ogg-theora: a1e56fd34408186e4bbccfd4996cb3dc -> 
  custom:container-muxer-webm: aa71ff27fc2769a1b78a27578f13a17b -> 
  custom:container-demuxer-webm: 4f35f7cbe854078d1ac9338744f61a02 -> 
  custom:video-encoder-webm-vp8: eb34c28f22e8b96e1ab97ce403110664 -> 
  custom:audio-encoder-webm-vorbis: bf7c407c2cedff20999df2af8eb42d56 -> 
  custom:framework-win-MediaFoundation: 216162199b28c13a410421893ffa2e32 -> 
  custom:container-demuxer-ogg: 62fdf1f143b41e24485cea50d1cbac27 -> 
  custom:video-decoder-webm-vp8: 9c59270c3fd7afecdb556c50c9e8de78 -> 
  custom:audio-decoder-ogg-vorbis: bf7c407c2cedff20999df2af8eb42d56 -> 
========================================================================
Received Import Request.
  Time since last request: 524.329781 seconds.
  path: Assets/Sprites/TileSprites/Ground_01.jpg
  artifactKey: Guid(e0780e8505a6b1a4d89b469abb14bce6) Importer(815301076,1909f56bfc062723c751e8b465ee728b)
Start importing Assets/Sprites/TileSprites/Ground_01.jpg using Guid(e0780e8505a6b1a4d89b469abb14bce6) Importer(815301076,1909f56bfc062723c751e8b465ee728b)  -> (artifact id: '2974cb3dbe42464954a05cec37d9c2a4') in 0.059934 seconds 
========================================================================
Received Import Request.
  Time since last request: 0.002350 seconds.
  path: Assets/Sprites/TileSprites/Ground_Wall_Right_02.jpg
  artifactKey: Guid(36aac0b1110188a47989082366b499eb) Importer(815301076,1909f56bfc062723c751e8b465ee728b)
Start importing Assets/Sprites/TileSprites/Ground_Wall_Right_02.jpg using Guid(36aac0b1110188a47989082366b499eb) Importer(815301076,1909f56bfc062723c751e8b465ee728b)  -> (artifact id: 'b4129305718b801121ca338825ee5145') in 0.025861 seconds 
========================================================================
Received Import Request.
  Time since last request: 0.000021 seconds.
  path: Assets/Sprites/TileSprites/Wall_02.jpg
  artifactKey: Guid(4c0259093303c5945ab8662e53b4a24e) Importer(815301076,1909f56bfc062723c751e8b465ee728b)
Start importing Assets/Sprites/TileSprites/Wall_02.jpg using Guid(4c0259093303c5945ab8662e53b4a24e) Importer(815301076,1909f56bfc062723c751e8b465ee728b)  -> (artifact id: '1eb26b2010c256a6b7c391023b3747bf') in 0.025909 seconds 
========================================================================
Received Import Request.
  Time since last request: 0.000032 seconds.
  path: Assets/Sprites/TileSprites/Top_Void_Wall_02.jpg
  artifactKey: Guid(8ce0c0e934993e947afc25dfa890cbe3) Importer(815301076,1909f56bfc062723c751e8b465ee728b)
Start importing Assets/Sprites/TileSprites/Top_Void_Wall_02.jpg using Guid(8ce0c0e934993e947afc25dfa890cbe3) Importer(815301076,1909f56bfc062723c751e8b465ee728b)  -> (artifact id: '729e64e6c3eacac022ff991fb6d2963d') in 0.019958 seconds 
========================================================================
Received Import Request.
  Time since last request: 0.000036 seconds.
  path: Assets/Sprites/TileSprites/Wall_01.jpg
  artifactKey: Guid(eed567bea1894f448a1bcc907ce179a6) Importer(815301076,1909f56bfc062723c751e8b465ee728b)
Start importing Assets/Sprites/TileSprites/Wall_01.jpg using Guid(eed567bea1894f448a1bcc907ce179a6) Importer(815301076,1909f56bfc062723c751e8b465ee728b)  -> (artifact id: '0dbe7d70b31264a38d1a054883f128ef') in 0.024040 seconds 
========================================================================
Received Import Request.
  Time since last request: 0.000023 seconds.
  path: Assets/Sprites/TileSprites/Side_Void_Wall_04.jpg
  artifactKey: Guid(fe34c2c800d62564b9c71e3eff974f28) Importer(815301076,1909f56bfc062723c751e8b465ee728b)
Start importing Assets/Sprites/TileSprites/Side_Void_Wall_04.jpg using Guid(fe34c2c800d62564b9c71e3eff974f28) Importer(815301076,1909f56bfc062723c751e8b465ee728b)  -> (artifact id: '23e05b6234043a46ecfa4f59467b16fc') in 0.018276 seconds 
========================================================================
Received Import Request.
  Time since last request: 0.000028 seconds.
  path: Assets/Sprites/TileSprites/Solid_Wall_01.jpg
  artifactKey: Guid(80b97a64edd09a743a4042524498e3a5) Importer(815301076,1909f56bfc062723c751e8b465ee728b)
Start importing Assets/Sprites/TileSprites/Solid_Wall_01.jpg using Guid(80b97a64edd09a743a4042524498e3a5) Importer(815301076,1909f56bfc062723c751e8b465ee728b)  -> (artifact id: '7b30846aa0d77b4014de27805977f790') in 0.024437 seconds 
========================================================================
Received Import Request.
  Time since last request: 0.000019 seconds.
  path: Assets/Sprites/TileSprites/Side_Void_Wall_02.jpg
  artifactKey: Guid(96042b1bdf30f7f4c99d559cf9c87bb1) Importer(815301076,1909f56bfc062723c751e8b465ee728b)
Start importing Assets/Sprites/TileSprites/Side_Void_Wall_02.jpg using Guid(96042b1bdf30f7f4c99d559cf9c87bb1) Importer(815301076,1909f56bfc062723c751e8b465ee728b)  -> (artifact id: '9130f0ec1f01cad1e0682bb602712bdc') in 0.020734 seconds 
========================================================================
Received Import Request.
  Time since last request: 0.000027 seconds.
  path: Assets/Sprites/TileSprites/Top_Void_Wall_01.jpg
  artifactKey: Guid(a2f3c90bc4b31874faf99bfbcaf84c80) Importer(815301076,1909f56bfc062723c751e8b465ee728b)
Start importing Assets/Sprites/TileSprites/Top_Void_Wall_01.jpg using Guid(a2f3c90bc4b31874faf99bfbcaf84c80) Importer(815301076,1909f56bfc062723c751e8b465ee728b)  -> (artifact id: '87ff0bab556c9b492fe58beae62f98b1') in 0.026302 seconds 
========================================================================
Received Import Request.
  Time since last request: 0.000029 seconds.
  path: Assets/Sprites/TileSprites/Void.jpg
  artifactKey: Guid(c9f20fec6667a8b41afaaefc8f19cd9c) Importer(815301076,1909f56bfc062723c751e8b465ee728b)
Start importing Assets/Sprites/TileSprites/Void.jpg using Guid(c9f20fec6667a8b41afaaefc8f19cd9c) Importer(815301076,1909f56bfc062723c751e8b465ee728b)  -> (artifact id: 'dec51da62a700f2233e9a9b51d964686') in 0.022908 seconds 
========================================================================
Received Prepare
Registering precompiled user dll's ...
Registered in 0.008616 seconds.
Begin MonoManager ReloadAssembly
Symbol file LoadedFromMemory doesn't match image C:\Users\Archie Minney\Documents\GitHub\Jammin\LoveAtADistance\Library\PackageCache\com.unity.visualscripting@1.7.8\Editor\VisualScripting.Core\Dependencies\YamlDotNet\Unity.VisualScripting.YamlDotNet.dll
Symbol file LoadedFromMemory doesn't match image C:\Users\Archie Minney\Documents\GitHub\Jammin\LoveAtADistance\Library\PackageCache\com.unity.visualscripting@1.7.8\Editor\VisualScripting.Core\Dependencies\DotNetZip\Unity.VisualScripting.IonicZip.dll
Native extension for WindowsStandalone target not found
Refreshing native plugins compatible for Editor in 0.79 ms, found 4 plugins.
Preloading 0 native plugins for Editor in 0.00 ms.
Mono: successfully reloaded assembly
- Completed reload, in  1.060 seconds
Domain Reload Profiling:
	ReloadAssembly (1061ms)
		BeginReloadAssembly (135ms)
			ExecutionOrderSort (0ms)
			DisableScriptedObjects (7ms)
			BackupInstance (0ms)
			ReleaseScriptingObjects (0ms)
			CreateAndSetChildDomain (37ms)
		EndReloadAssembly (817ms)
			LoadAssemblies (94ms)
			RebuildTransferFunctionScriptingTraits (0ms)
			SetupTypeCache (233ms)
			ReleaseScriptCaches (2ms)
			RebuildScriptCaches (53ms)
			SetupLoadedEditorAssemblies (378ms)
				LogAssemblyErrors (0ms)
				InitializePlatformSupportModulesInManaged (14ms)
				SetLoadedEditorAssemblies (0ms)
				RefreshPlugins (1ms)
				BeforeProcessingInitializeOnLoad (94ms)
				ProcessInitializeOnLoadAttributes (220ms)
				ProcessInitializeOnLoadMethodAttributes (38ms)
				AfterProcessingInitializeOnLoad (12ms)
				EditorAssembliesLoaded (0ms)
			ExecutionOrderSort2 (0ms)
			AwakeInstancesAfterBackupRestoration (11ms)
Platform modules already initialized, skipping
Refreshing native plugins compatible for Editor in 2.52 ms, found 4 plugins.
Preloading 0 native plugins for Editor in 0.00 ms.
Unloading 4066 Unused Serialized files (Serialized files now loaded: 0)
Unloading 25 unused Assets / (24.7 KB). Loaded Objects now: 4573.
Memory consumption went from 156.2 MB to 156.2 MB.
Total: 2.799400 ms (FindLiveObjects: 0.288300 ms CreateObjectMapping: 0.108400 ms MarkObjects: 2.381100 ms  DeleteObjects: 0.020900 ms)

AssetImportParameters requested are different than current active one (requested -> active):
  custom:video-decoder-ogg-theora: a1e56fd34408186e4bbccfd4996cb3dc -> 
  custom:container-muxer-webm: aa71ff27fc2769a1b78a27578f13a17b -> 
  custom:container-demuxer-webm: 4f35f7cbe854078d1ac9338744f61a02 -> 
  custom:video-encoder-webm-vp8: eb34c28f22e8b96e1ab97ce403110664 -> 
  custom:audio-encoder-webm-vorbis: bf7c407c2cedff20999df2af8eb42d56 -> 
  custom:framework-win-MediaFoundation: 216162199b28c13a410421893ffa2e32 -> 
  custom:container-demuxer-ogg: 62fdf1f143b41e24485cea50d1cbac27 -> 
  custom:video-decoder-webm-vp8: 9c59270c3fd7afecdb556c50c9e8de78 -> 
  custom:audio-decoder-ogg-vorbis: bf7c407c2cedff20999df2af8eb42d56 -> 
========================================================================
Received Import Request.
  Time since last request: 21.534310 seconds.
  path: Assets/Sprites/TileSprites/Back_Wall_01.jpg
  artifactKey: Guid(ce122a3c1c6d9424abf5680959e6fc8b) Importer(815301076,1909f56bfc062723c751e8b465ee728b)
Start importing Assets/Sprites/TileSprites/Back_Wall_01.jpg using Guid(ce122a3c1c6d9424abf5680959e6fc8b) Importer(815301076,1909f56bfc062723c751e8b465ee728b)  -> (artifact id: '5e0ca8b7b241ed36889dc7126b4bbf83') in 0.059213 seconds 
========================================================================
Received Import Request.
  Time since last request: 0.000023 seconds.
  path: Assets/Sprites/TileSprites/Ground_02.jpg
  artifactKey: Guid(1751deedb9a7d844a8361d7a7badaf51) Importer(815301076,1909f56bfc062723c751e8b465ee728b)
Start importing Assets/Sprites/TileSprites/Ground_02.jpg using Guid(1751deedb9a7d844a8361d7a7badaf51) Importer(815301076,1909f56bfc062723c751e8b465ee728b)  -> (artifact id: '149d6492d3ceb9e839a014a6837f7fee') in 0.017519 seconds 
========================================================================
Received Import Request.
  Time since last request: 0.000027 seconds.
  path: Assets/Sprites/TileSprites/Corner_Block_Left.jpg
  artifactKey: Guid(6c3c4853975fe7e4fb2806266af1aeef) Importer(815301076,1909f56bfc062723c751e8b465ee728b)
Start importing Assets/Sprites/TileSprites/Corner_Block_Left.jpg using Guid(6c3c4853975fe7e4fb2806266af1aeef) Importer(815301076,1909f56bfc062723c751e8b465ee728b)  -> (artifact id: 'd254693070c321d98561cf117f26ce06') in 0.017477 seconds 
========================================================================
Received Import Request.
  Time since last request: 0.000019 seconds.
  path: Assets/Sprites/TileSprites/Corner_Ground_03.jpg
  artifactKey: Guid(737dd98a7dd50c443988d915e4de977b) Importer(815301076,1909f56bfc062723c751e8b465ee728b)
Start importing Assets/Sprites/TileSprites/Corner_Ground_03.jpg using Guid(737dd98a7dd50c443988d915e4de977b) Importer(815301076,1909f56bfc062723c751e8b465ee728b)  -> (artifact id: '4d131fc4b8cd3e386becca3016387b6c') in 0.019419 seconds 
========================================================================
Received Import Request.
  Time since last request: 0.000022 seconds.
  path: Assets/Sprites/TileSprites/Ground_Wall_02.jpg
  artifactKey: Guid(9f1c7afcf0055884da1e96da1707dfcf) Importer(815301076,1909f56bfc062723c751e8b465ee728b)
Start importing Assets/Sprites/TileSprites/Ground_Wall_02.jpg using Guid(9f1c7afcf0055884da1e96da1707dfcf) Importer(815301076,1909f56bfc062723c751e8b465ee728b)  -> (artifact id: 'f5e7406dd41d61d26a3d3fd6d3fd42ec') in 0.021501 seconds 
========================================================================
Received Import Request.
  Time since last request: 0.000020 seconds.
  path: Assets/Sprites/TileSprites/Ground_Wall_01.jpg
  artifactKey: Guid(2b5182fec5c0dcd4aafb0b79f3ebb257) Importer(815301076,1909f56bfc062723c751e8b465ee728b)
Start importing Assets/Sprites/TileSprites/Ground_Wall_01.jpg using Guid(2b5182fec5c0dcd4aafb0b79f3ebb257) Importer(815301076,1909f56bfc062723c751e8b465ee728b)  -> (artifact id: 'd8b91605c56f1f71c4bdc0d438621fcd') in 0.018778 seconds 
========================================================================
Received Import Request.
  Time since last request: 0.000026 seconds.
  path: Assets/Sprites/TileSprites/Ground_01 1.jpg
  artifactKey: Guid(34f0f57d82d5c97469bd40af19455f6e) Importer(815301076,1909f56bfc062723c751e8b465ee728b)
Start importing Assets/Sprites/TileSprites/Ground_01 1.jpg using Guid(34f0f57d82d5c97469bd40af19455f6e) Importer(815301076,1909f56bfc062723c751e8b465ee728b)  -> (artifact id: '09d6aec9a530d55c09c3d617f17eef11') in 0.020752 seconds 
========================================================================
Received Import Request.
  Time since last request: 0.000030 seconds.
  path: Assets/Sprites/TileSprites/Corner_Void_02.jpg
  artifactKey: Guid(9c227797f73a192479cccb73c2f380d7) Importer(815301076,1909f56bfc062723c751e8b465ee728b)
Start importing Assets/Sprites/TileSprites/Corner_Void_02.jpg using Guid(9c227797f73a192479cccb73c2f380d7) Importer(815301076,1909f56bfc062723c751e8b465ee728b)  -> (artifact id: '7b284b1cb96f243374202f317eebdaf5') in 0.020736 seconds 
========================================================================
Received Import Request.
  Time since last request: 0.000087 seconds.
  path: Assets/Sprites/TileSprites/Corner_Ground_02.jpg
  artifactKey: Guid(015c5efd8f289c54da20db05be196d55) Importer(815301076,1909f56bfc062723c751e8b465ee728b)
Start importing Assets/Sprites/TileSprites/Corner_Ground_02.jpg using Guid(015c5efd8f289c54da20db05be196d55) Importer(815301076,1909f56bfc062723c751e8b465ee728b)  -> (artifact id: '4790877392e4da1f1c0a458e98e06626') in 0.023017 seconds 
========================================================================
Received Import Request.
  Time since last request: 9.228246 seconds.
  path: Assets/Sprites/TileSprites/Ground_Wall_Left_01.jpg
  artifactKey: Guid(117c41e53b531524b9df8e66a993e698) Importer(815301076,1909f56bfc062723c751e8b465ee728b)
Start importing Assets/Sprites/TileSprites/Ground_Wall_Left_01.jpg using Guid(117c41e53b531524b9df8e66a993e698) Importer(815301076,1909f56bfc062723c751e8b465ee728b)  -> (artifact id: '7220b09ea9716ebff8175022c164cba2') in 0.019352 seconds 
