Using pre-set license
Built from '2021.3/staging' branch; Version is '2021.3.9f1 (ad3870b89536) revision 11352176'; Using compiler version '192829333'; Build Type 'Release'
OS: 'Windows 10  (10.0.19044) 64bit Core' Language: 'en' Physical Memory: 16334 MB
BatchMode: 1, IsHumanControllingUs: 0, StartBugReporterOnCrash: 0, Is64bit: 1, IsPro: 1

COMMAND LINE ARGUMENTS:
C:\Program Files\Unity\Hub\Editor\2021.3.9f1\Editor\Unity.exe
-adb2
-batchMode
-noUpm
-name
AssetImportWorker2
-projectPath
C:/Users/Archie Minney/Documents/GitHub/Jammin/LoveAtADistance
-logFile
Logs/AssetImportWorker2.log
-srvPort
52537
Successfully changed project path to: C:/Users/Archie Minney/Documents/GitHub/Jammin/LoveAtADistance
C:/Users/Archie Minney/Documents/GitHub/Jammin/LoveAtADistance
[UnityMemory] Configuration Parameters - Can be set up in boot.config
    "memorysetup-bucket-allocator-granularity=16"
    "memorysetup-bucket-allocator-bucket-count=8"
    "memorysetup-bucket-allocator-block-size=33554432"
    "memorysetup-bucket-allocator-block-count=8"
    "memorysetup-main-allocator-block-size=16777216"
    "memorysetup-thread-allocator-block-size=16777216"
    "memorysetup-gfx-main-allocator-block-size=16777216"
    "memorysetup-gfx-thread-allocator-block-size=16777216"
    "memorysetup-cache-allocator-block-size=4194304"
    "memorysetup-typetree-allocator-block-size=2097152"
    "memorysetup-profiler-bucket-allocator-granularity=16"
    "memorysetup-profiler-bucket-allocator-bucket-count=8"
    "memorysetup-profiler-bucket-allocator-block-size=33554432"
    "memorysetup-profiler-bucket-allocator-block-count=8"
    "memorysetup-profiler-allocator-block-size=16777216"
    "memorysetup-profiler-editor-allocator-block-size=1048576"
    "memorysetup-temp-allocator-size-main=16777216"
    "memorysetup-job-temp-allocator-block-size=2097152"
    "memorysetup-job-temp-allocator-block-size-background=1048576"
    "memorysetup-job-temp-allocator-reduction-small-platforms=262144"
    "memorysetup-temp-allocator-size-background-worker=32768"
    "memorysetup-temp-allocator-size-job-worker=262144"
    "memorysetup-temp-allocator-size-preload-manager=33554432"
    "memorysetup-temp-allocator-size-nav-mesh-worker=65536"
    "memorysetup-temp-allocator-size-audio-worker=65536"
    "memorysetup-temp-allocator-size-cloud-worker=32768"
    "memorysetup-temp-allocator-size-gi-baking-worker=262144"
    "memorysetup-temp-allocator-size-gfx=262144"
Refreshing native plugins compatible for Editor in 92.73 ms, found 4 plugins.
Preloading 0 native plugins for Editor in 0.00 ms.
Initialize engine version: 2021.3.9f1 (ad3870b89536)
[Subsystems] Discovering subsystems at path C:/Program Files/Unity/Hub/Editor/2021.3.9f1/Editor/Data/Resources/UnitySubsystems
[Subsystems] Discovering subsystems at path C:/Users/Archie Minney/Documents/GitHub/Jammin/LoveAtADistance/Assets
GfxDevice: creating device client; threaded=0; jobified=0
Direct3D:
    Version:  Direct3D 11.0 [level 11.1]
    Renderer: AMD Radeon RX 5700 (ID=0x731f)
    Vendor:   ATI
    VRAM:     8151 MB
    Driver:   31.0.12027.7000
Initialize mono
Mono path[0] = 'C:/Program Files/Unity/Hub/Editor/2021.3.9f1/Editor/Data/Managed'
Mono path[1] = 'C:/Program Files/Unity/Hub/Editor/2021.3.9f1/Editor/Data/MonoBleedingEdge/lib/mono/unityjit-win32'
Mono config path = 'C:/Program Files/Unity/Hub/Editor/2021.3.9f1/Editor/Data/MonoBleedingEdge/etc'
Using monoOptions --debugger-agent=transport=dt_socket,embedding=1,server=y,suspend=n,address=127.0.0.1:56352
Begin MonoManager ReloadAssembly
Registering precompiled unity dll's ...
Register platform support module: C:/Program Files/Unity/Hub/Editor/2021.3.9f1/Editor/Data/PlaybackEngines/WindowsStandaloneSupport/UnityEditor.WindowsStandalone.Extensions.dll
Registered in 0.007371 seconds.
Native extension for WindowsStandalone target not found
Refreshing native plugins compatible for Editor in 84.55 ms, found 4 plugins.
Preloading 0 native plugins for Editor in 0.00 ms.
Mono: successfully reloaded assembly
- Completed reload, in  0.588 seconds
Domain Reload Profiling:
	ReloadAssembly (589ms)
		BeginReloadAssembly (63ms)
			ExecutionOrderSort (0ms)
			DisableScriptedObjects (0ms)
			BackupInstance (0ms)
			ReleaseScriptingObjects (0ms)
			CreateAndSetChildDomain (1ms)
		EndReloadAssembly (428ms)
			LoadAssemblies (61ms)
			RebuildTransferFunctionScriptingTraits (0ms)
			SetupTypeCache (103ms)
			ReleaseScriptCaches (0ms)
			RebuildScriptCaches (23ms)
			SetupLoadedEditorAssemblies (253ms)
				LogAssemblyErrors (0ms)
				InitializePlatformSupportModulesInManaged (7ms)
				SetLoadedEditorAssemblies (0ms)
				RefreshPlugins (85ms)
				BeforeProcessingInitializeOnLoad (1ms)
				ProcessInitializeOnLoadAttributes (120ms)
				ProcessInitializeOnLoadMethodAttributes (39ms)
				AfterProcessingInitializeOnLoad (0ms)
				EditorAssembliesLoaded (0ms)
			ExecutionOrderSort2 (0ms)
			AwakeInstancesAfterBackupRestoration (0ms)
Platform modules already initialized, skipping
Registering precompiled user dll's ...
Registered in 0.008290 seconds.
Begin MonoManager ReloadAssembly
Symbol file LoadedFromMemory doesn't match image C:\Users\Archie Minney\Documents\GitHub\Jammin\LoveAtADistance\Library\PackageCache\com.unity.visualscripting@1.7.8\Editor\VisualScripting.Core\Dependencies\YamlDotNet\Unity.VisualScripting.YamlDotNet.dll
Symbol file LoadedFromMemory doesn't match image C:\Users\Archie Minney\Documents\GitHub\Jammin\LoveAtADistance\Library\PackageCache\com.unity.visualscripting@1.7.8\Editor\VisualScripting.Core\Dependencies\DotNetZip\Unity.VisualScripting.IonicZip.dll
Native extension for WindowsStandalone target not found
Refreshing native plugins compatible for Editor in 82.15 ms, found 4 plugins.
Preloading 0 native plugins for Editor in 0.00 ms.
Mono: successfully reloaded assembly
- Completed reload, in  1.013 seconds
Domain Reload Profiling:
	ReloadAssembly (1013ms)
		BeginReloadAssembly (97ms)
			ExecutionOrderSort (0ms)
			DisableScriptedObjects (5ms)
			BackupInstance (0ms)
			ReleaseScriptingObjects (0ms)
			CreateAndSetChildDomain (17ms)
		EndReloadAssembly (811ms)
			LoadAssemblies (78ms)
			RebuildTransferFunctionScriptingTraits (0ms)
			SetupTypeCache (203ms)
			ReleaseScriptCaches (1ms)
			RebuildScriptCaches (46ms)
			SetupLoadedEditorAssemblies (444ms)
				LogAssemblyErrors (0ms)
				InitializePlatformSupportModulesInManaged (4ms)
				SetLoadedEditorAssemblies (0ms)
				RefreshPlugins (82ms)
				BeforeProcessingInitializeOnLoad (96ms)
				ProcessInitializeOnLoadAttributes (208ms)
				ProcessInitializeOnLoadMethodAttributes (45ms)
				AfterProcessingInitializeOnLoad (8ms)
				EditorAssembliesLoaded (0ms)
			ExecutionOrderSort2 (0ms)
			AwakeInstancesAfterBackupRestoration (6ms)
Platform modules already initialized, skipping
========================================================================
Worker process is ready to serve import requests
Launched and connected shader compiler UnityShaderCompiler.exe after 0.04 seconds
Refreshing native plugins compatible for Editor in 0.69 ms, found 4 plugins.
Preloading 0 native plugins for Editor in 0.00 ms.
Unloading 4090 Unused Serialized files (Serialized files now loaded: 0)
Unloading 38 unused Assets / (55.7 KB). Loaded Objects now: 4547.
Memory consumption went from 153.7 MB to 153.7 MB.
Total: 3.227100 ms (FindLiveObjects: 0.305500 ms CreateObjectMapping: 0.104800 ms MarkObjects: 2.739800 ms  DeleteObjects: 0.076200 ms)

AssetImportParameters requested are different than current active one (requested -> active):
  custom:video-decoder-ogg-theora: a1e56fd34408186e4bbccfd4996cb3dc -> 
  custom:container-muxer-webm: aa71ff27fc2769a1b78a27578f13a17b -> 
  custom:container-demuxer-webm: 4f35f7cbe854078d1ac9338744f61a02 -> 
  custom:video-encoder-webm-vp8: eb34c28f22e8b96e1ab97ce403110664 -> 
  custom:audio-encoder-webm-vorbis: bf7c407c2cedff20999df2af8eb42d56 -> 
  custom:framework-win-MediaFoundation: 216162199b28c13a410421893ffa2e32 -> 
  custom:container-demuxer-ogg: 62fdf1f143b41e24485cea50d1cbac27 -> 
  custom:video-decoder-webm-vp8: 9c59270c3fd7afecdb556c50c9e8de78 -> 
  custom:audio-decoder-ogg-vorbis: bf7c407c2cedff20999df2af8eb42d56 -> 
========================================================================
Received Import Request.
  Time since last request: 2567621.335756 seconds.
  path: Assets/Scripts
  artifactKey: Guid(daa41e2c4cc1c974991ca868f5fb584c) Importer(815301076,1909f56bfc062723c751e8b465ee728b)
Start importing Assets/Scripts using Guid(daa41e2c4cc1c974991ca868f5fb584c) Importer(815301076,1909f56bfc062723c751e8b465ee728b)  -> (artifact id: '0c0825644f27f7f08e04c71dbdf80fdb') in 0.010726 seconds 
========================================================================
Received Import Request.
  Time since last request: 0.837899 seconds.
  path: Assets/Sprites
  artifactKey: Guid(3b60a9fca14744f4f972ff6802bbd4b1) Importer(815301076,1909f56bfc062723c751e8b465ee728b)
Start importing Assets/Sprites using Guid(3b60a9fca14744f4f972ff6802bbd4b1) Importer(815301076,1909f56bfc062723c751e8b465ee728b)  -> (artifact id: '6463c5db2118fa37ac56c42da534424c') in 0.005149 seconds 
========================================================================
Received Import Request.
  Time since last request: 0.697379 seconds.
  path: Assets/Sprites/TileSprites
  artifactKey: Guid(fd3fdbe92c9986345bc909a5e192f34b) Importer(815301076,1909f56bfc062723c751e8b465ee728b)
Start importing Assets/Sprites/TileSprites using Guid(fd3fdbe92c9986345bc909a5e192f34b) Importer(815301076,1909f56bfc062723c751e8b465ee728b)  -> (artifact id: 'b5d3fbc2b0cbe77418decae04dce84fb') in 0.005294 seconds 
========================================================================
Received Import Request.
  Time since last request: 0.057898 seconds.
  path: Assets/Sprites/TileSprites/IMG_1853.jpg
  artifactKey: Guid(eed567bea1894f448a1bcc907ce179a6) Importer(815301076,1909f56bfc062723c751e8b465ee728b)
Start importing Assets/Sprites/TileSprites/IMG_1853.jpg using Guid(eed567bea1894f448a1bcc907ce179a6) Importer(815301076,1909f56bfc062723c751e8b465ee728b)  -> (artifact id: '89547f0c526456455a5654fc4c55f144') in 0.119181 seconds 
========================================================================
Received Import Request.
  Time since last request: 0.000017 seconds.
  path: Assets/Sprites/TileSprites/IMG_1859.jpg
  artifactKey: Guid(f66975628599d7e44b91949600dcee3b) Importer(815301076,1909f56bfc062723c751e8b465ee728b)
Start importing Assets/Sprites/TileSprites/IMG_1859.jpg using Guid(f66975628599d7e44b91949600dcee3b) Importer(815301076,1909f56bfc062723c751e8b465ee728b)  -> (artifact id: 'a5a57e8fbfe1f59dd2188bf610fee53a') in 0.024846 seconds 
========================================================================
Received Import Request.
  Time since last request: 0.000028 seconds.
  path: Assets/Sprites/TileSprites/IMG_1861.jpg
  artifactKey: Guid(9c227797f73a192479cccb73c2f380d7) Importer(815301076,1909f56bfc062723c751e8b465ee728b)
Start importing Assets/Sprites/TileSprites/IMG_1861.jpg using Guid(9c227797f73a192479cccb73c2f380d7) Importer(815301076,1909f56bfc062723c751e8b465ee728b)  -> (artifact id: 'c936a503175399542dcf295c975e5331') in 0.020831 seconds 
========================================================================
Received Import Request.
  Time since last request: 0.000019 seconds.
  path: Assets/Sprites/TileSprites/IMG_1865.jpg
  artifactKey: Guid(4a411c80c0bcd1f478deeb5e0d52d2de) Importer(815301076,1909f56bfc062723c751e8b465ee728b)
Start importing Assets/Sprites/TileSprites/IMG_1865.jpg using Guid(4a411c80c0bcd1f478deeb5e0d52d2de) Importer(815301076,1909f56bfc062723c751e8b465ee728b)  -> (artifact id: '07b45d90f35ad4f683666fe66bde4403') in 0.017788 seconds 
========================================================================
Received Import Request.
  Time since last request: 0.000021 seconds.
  path: Assets/Sprites/TileSprites/IMG_1857.jpg
  artifactKey: Guid(ce122a3c1c6d9424abf5680959e6fc8b) Importer(815301076,1909f56bfc062723c751e8b465ee728b)
Start importing Assets/Sprites/TileSprites/IMG_1857.jpg using Guid(ce122a3c1c6d9424abf5680959e6fc8b) Importer(815301076,1909f56bfc062723c751e8b465ee728b)  -> (artifact id: 'bfa4d34034e52e696440fcea0151a494') in 0.021739 seconds 
========================================================================
Received Import Request.
  Time since last request: 8.935264 seconds.
  path: Assets/Sprites/TileSprites/IMG_1868.jpg
  artifactKey: Guid(2b5182fec5c0dcd4aafb0b79f3ebb257) Importer(815301076,1909f56bfc062723c751e8b465ee728b)
Start importing Assets/Sprites/TileSprites/IMG_1868.jpg using Guid(2b5182fec5c0dcd4aafb0b79f3ebb257) Importer(815301076,1909f56bfc062723c751e8b465ee728b)  -> (artifact id: '71391e77ff76846d3b5030f7457c2a8e') in 0.019995 seconds 
========================================================================
Received Import Request.
  Time since last request: 0.000019 seconds.
  path: Assets/Sprites/TileSprites/Wall_01.jpg
  artifactKey: Guid(eed567bea1894f448a1bcc907ce179a6) Importer(815301076,1909f56bfc062723c751e8b465ee728b)
Start importing Assets/Sprites/TileSprites/Wall_01.jpg using Guid(eed567bea1894f448a1bcc907ce179a6) Importer(815301076,1909f56bfc062723c751e8b465ee728b)  -> (artifact id: 'b5a354a120bcd62361b9d5e9016d4942') in 0.021453 seconds 
========================================================================
Received Import Request.
  Time since last request: 11.749430 seconds.
  path: Assets/Sprites/TileSprites/Wall_02.jpg
  artifactKey: Guid(4c0259093303c5945ab8662e53b4a24e) Importer(815301076,1909f56bfc062723c751e8b465ee728b)
Start importing Assets/Sprites/TileSprites/Wall_02.jpg using Guid(4c0259093303c5945ab8662e53b4a24e) Importer(815301076,1909f56bfc062723c751e8b465ee728b)  -> (artifact id: 'c2002352c475bbea1a74afe7f4f1443f') in 0.020721 seconds 
========================================================================
Received Import Request.
  Time since last request: 8.128540 seconds.
  path: Assets/Sprites/TileSprites/Wall_03.jpg
  artifactKey: Guid(99d6032160b830949898c0f1150e389e) Importer(815301076,1909f56bfc062723c751e8b465ee728b)
Start importing Assets/Sprites/TileSprites/Wall_03.jpg using Guid(99d6032160b830949898c0f1150e389e) Importer(815301076,1909f56bfc062723c751e8b465ee728b)  -> (artifact id: '62502d28b046077a0c3070a2144288db') in 0.018104 seconds 
========================================================================
Received Import Request.
  Time since last request: 14.017244 seconds.
  path: Assets/Sprites/TileSprites/Wall_04.jpg
  artifactKey: Guid(882cfda81ee50e54991fd58c01394928) Importer(815301076,1909f56bfc062723c751e8b465ee728b)
Start importing Assets/Sprites/TileSprites/Wall_04.jpg using Guid(882cfda81ee50e54991fd58c01394928) Importer(815301076,1909f56bfc062723c751e8b465ee728b)  -> (artifact id: '918201cf47ca89458587714c7d88fc1d') in 0.019200 seconds 
========================================================================
Received Import Request.
  Time since last request: 25.210303 seconds.
  path: Assets/Sprites/TileSprites/Back_Wall_01.jpg
  artifactKey: Guid(ce122a3c1c6d9424abf5680959e6fc8b) Importer(815301076,1909f56bfc062723c751e8b465ee728b)
Start importing Assets/Sprites/TileSprites/Back_Wall_01.jpg using Guid(ce122a3c1c6d9424abf5680959e6fc8b) Importer(815301076,1909f56bfc062723c751e8b465ee728b)  -> (artifact id: '71819a7bd5fcf495c0d7cf3b944c4c0e') in 0.017035 seconds 
========================================================================
Received Import Request.
  Time since last request: 10.795907 seconds.
  path: Assets/Sprites/TileSprites/Back_Wall_02.jpg
  artifactKey: Guid(e624d13371229244fb4ad49a6d1e8b8a) Importer(815301076,1909f56bfc062723c751e8b465ee728b)
Start importing Assets/Sprites/TileSprites/Back_Wall_02.jpg using Guid(e624d13371229244fb4ad49a6d1e8b8a) Importer(815301076,1909f56bfc062723c751e8b465ee728b)  -> (artifact id: '640259bdde6fd6fca972da9ed197a068') in 0.018331 seconds 
========================================================================
Received Import Request.
  Time since last request: 7.638917 seconds.
  path: Assets/Sprites/TileSprites/Back_Wall_03.jpg
  artifactKey: Guid(f66975628599d7e44b91949600dcee3b) Importer(815301076,1909f56bfc062723c751e8b465ee728b)
Start importing Assets/Sprites/TileSprites/Back_Wall_03.jpg using Guid(f66975628599d7e44b91949600dcee3b) Importer(815301076,1909f56bfc062723c751e8b465ee728b)  -> (artifact id: '02d3c61f38f50e4ad44db96e9e856734') in 0.019833 seconds 
========================================================================
Received Import Request.
  Time since last request: 5.818011 seconds.
  path: Assets/Sprites/TileSprites/Back_Wall_04.jpg
  artifactKey: Guid(b21138cd40ad7124e80563e41d64279d) Importer(815301076,1909f56bfc062723c751e8b465ee728b)
Start importing Assets/Sprites/TileSprites/Back_Wall_04.jpg using Guid(b21138cd40ad7124e80563e41d64279d) Importer(815301076,1909f56bfc062723c751e8b465ee728b)  -> (artifact id: '991db0e860fb57b9b56a9aef3ab0f704') in 0.019666 seconds 
========================================================================
Received Import Request.
  Time since last request: 29.672618 seconds.
  path: Assets/Sprites/TileSprites/Ground_01.jpg
  artifactKey: Guid(e0780e8505a6b1a4d89b469abb14bce6) Importer(815301076,1909f56bfc062723c751e8b465ee728b)
Start importing Assets/Sprites/TileSprites/Ground_01.jpg using Guid(e0780e8505a6b1a4d89b469abb14bce6) Importer(815301076,1909f56bfc062723c751e8b465ee728b)  -> (artifact id: 'c0b5757b8ec8ec523fb0cfe2fe969009') in 0.017023 seconds 
========================================================================
Received Import Request.
  Time since last request: 6.888902 seconds.
  path: Assets/Sprites/TileSprites/Ground_02.jpg
  artifactKey: Guid(f9e8e7c9f0b81c443a2a86b0f7dd8879) Importer(815301076,1909f56bfc062723c751e8b465ee728b)
Start importing Assets/Sprites/TileSprites/Ground_02.jpg using Guid(f9e8e7c9f0b81c443a2a86b0f7dd8879) Importer(815301076,1909f56bfc062723c751e8b465ee728b)  -> (artifact id: '62bcd538fb70eeee16e344090172bf3e') in 0.018815 seconds 
========================================================================
Received Import Request.
  Time since last request: 22.079424 seconds.
  path: Assets/Sprites/TileSprites/Corner_Ground_01.jpg
  artifactKey: Guid(f9e8e7c9f0b81c443a2a86b0f7dd8879) Importer(815301076,1909f56bfc062723c751e8b465ee728b)
Start importing Assets/Sprites/TileSprites/Corner_Ground_01.jpg using Guid(f9e8e7c9f0b81c443a2a86b0f7dd8879) Importer(815301076,1909f56bfc062723c751e8b465ee728b)  -> (artifact id: '6cacd00e9c2d82ac12004fd8fa8ff89e') in 0.017995 seconds 
========================================================================
Received Import Request.
  Time since last request: 15.823520 seconds.
  path: Assets/Sprites/TileSprites/Corner_Ground_02.jpg
  artifactKey: Guid(015c5efd8f289c54da20db05be196d55) Importer(815301076,1909f56bfc062723c751e8b465ee728b)
Start importing Assets/Sprites/TileSprites/Corner_Ground_02.jpg using Guid(015c5efd8f289c54da20db05be196d55) Importer(815301076,1909f56bfc062723c751e8b465ee728b)  -> (artifact id: '2a30210a33636f3ff80d4a26e5aab807') in 0.017321 seconds 
========================================================================
Received Import Request.
  Time since last request: 10.791113 seconds.
  path: Assets/Sprites/TileSprites/Ground_02.jpg
  artifactKey: Guid(1751deedb9a7d844a8361d7a7badaf51) Importer(815301076,1909f56bfc062723c751e8b465ee728b)
Start importing Assets/Sprites/TileSprites/Ground_02.jpg using Guid(1751deedb9a7d844a8361d7a7badaf51) Importer(815301076,1909f56bfc062723c751e8b465ee728b)  -> (artifact id: '580009719df2bc76ebecf9d1d7b8d7f3') in 0.016424 seconds 
========================================================================
Received Import Request.
  Time since last request: 5.530944 seconds.
  path: Assets/Sprites/TileSprites/Ground_03.jpg
  artifactKey: Guid(56c858298dc9dc64db1cb7685b7e0855) Importer(815301076,1909f56bfc062723c751e8b465ee728b)
Start importing Assets/Sprites/TileSprites/Ground_03.jpg using Guid(56c858298dc9dc64db1cb7685b7e0855) Importer(815301076,1909f56bfc062723c751e8b465ee728b)  -> (artifact id: '159e5f7511828e26baa8583dd4822a8e') in 0.016218 seconds 
========================================================================
Received Import Request.
  Time since last request: 7.730147 seconds.
  path: Assets/Sprites/TileSprites/Ground_04.jpg
  artifactKey: Guid(79643ff913c5ee94cbca19d090f28bdc) Importer(815301076,1909f56bfc062723c751e8b465ee728b)
Start importing Assets/Sprites/TileSprites/Ground_04.jpg using Guid(79643ff913c5ee94cbca19d090f28bdc) Importer(815301076,1909f56bfc062723c751e8b465ee728b)  -> (artifact id: '72ab553cbf0a0d3281b40f969717cc1c') in 0.016287 seconds 
========================================================================
Received Import Request.
  Time since last request: 23.854075 seconds.
  path: Assets/Sprites/TileSprites/All_Tiles_png.png
  artifactKey: Guid(06c7d80015059a648b2ccdd81c7c2d22) Importer(815301076,1909f56bfc062723c751e8b465ee728b)
Start importing Assets/Sprites/TileSprites/All_Tiles_png.png using Guid(06c7d80015059a648b2ccdd81c7c2d22) Importer(815301076,1909f56bfc062723c751e8b465ee728b)  -> (artifact id: 'd17ab7cbab4ab3efcb1c9b868664a76f') in 0.163940 seconds 
========================================================================
Received Import Request.
  Time since last request: 8.592460 seconds.
  path: Assets/Sprites/TileSprites/Void.jpg
  artifactKey: Guid(c9f20fec6667a8b41afaaefc8f19cd9c) Importer(815301076,1909f56bfc062723c751e8b465ee728b)
Start importing Assets/Sprites/TileSprites/Void.jpg using Guid(c9f20fec6667a8b41afaaefc8f19cd9c) Importer(815301076,1909f56bfc062723c751e8b465ee728b)  -> (artifact id: 'af0301155a6cb68f61fe376620d45c70') in 0.015009 seconds 
========================================================================
Received Import Request.
  Time since last request: 23.931547 seconds.
  path: Assets/Sprites/TileSprites/Side_Void_Wall_01.jpg
  artifactKey: Guid(4a411c80c0bcd1f478deeb5e0d52d2de) Importer(815301076,1909f56bfc062723c751e8b465ee728b)
Start importing Assets/Sprites/TileSprites/Side_Void_Wall_01.jpg using Guid(4a411c80c0bcd1f478deeb5e0d52d2de) Importer(815301076,1909f56bfc062723c751e8b465ee728b)  -> (artifact id: 'bbb50b6a56d1cdfc97d3d59f1e299f6b') in 0.015185 seconds 
========================================================================
Received Import Request.
  Time since last request: 9.282952 seconds.
  path: Assets/Sprites/TileSprites/Side_Void_Wall_02.jpg
  artifactKey: Guid(96042b1bdf30f7f4c99d559cf9c87bb1) Importer(815301076,1909f56bfc062723c751e8b465ee728b)
Start importing Assets/Sprites/TileSprites/Side_Void_Wall_02.jpg using Guid(96042b1bdf30f7f4c99d559cf9c87bb1) Importer(815301076,1909f56bfc062723c751e8b465ee728b)  -> (artifact id: 'd0e1541c440f5aa61846fafa95a81414') in 0.016077 seconds 
========================================================================
Received Import Request.
  Time since last request: 11.026456 seconds.
  path: Assets/Sprites/TileSprites/Void_Corner.jpg
  artifactKey: Guid(f896b31ba0aa7b14983b432689a33d46) Importer(815301076,1909f56bfc062723c751e8b465ee728b)
Start importing Assets/Sprites/TileSprites/Void_Corner.jpg using Guid(f896b31ba0aa7b14983b432689a33d46) Importer(815301076,1909f56bfc062723c751e8b465ee728b)  -> (artifact id: 'bee608e7bd9f502390dfc299a1fbfdb4') in 0.016588 seconds 
========================================================================
Received Import Request.
  Time since last request: 14.369125 seconds.
  path: Assets/Sprites/TileSprites/Corner_Void_01.jpg
  artifactKey: Guid(f896b31ba0aa7b14983b432689a33d46) Importer(815301076,1909f56bfc062723c751e8b465ee728b)
Start importing Assets/Sprites/TileSprites/Corner_Void_01.jpg using Guid(f896b31ba0aa7b14983b432689a33d46) Importer(815301076,1909f56bfc062723c751e8b465ee728b)  -> (artifact id: '6208b58f698a7e9b157c5f4818165b1c') in 0.017101 seconds 
========================================================================
Received Import Request.
  Time since last request: 8.316882 seconds.
  path: Assets/Sprites/TileSprites/Corner_Void_02.jpg
  artifactKey: Guid(9c227797f73a192479cccb73c2f380d7) Importer(815301076,1909f56bfc062723c751e8b465ee728b)
Start importing Assets/Sprites/TileSprites/Corner_Void_02.jpg using Guid(9c227797f73a192479cccb73c2f380d7) Importer(815301076,1909f56bfc062723c751e8b465ee728b)  -> (artifact id: '6b5852422de025d564c17254c6af0cab') in 0.016797 seconds 
========================================================================
Received Import Request.
  Time since last request: 24.486216 seconds.
  path: Assets/Sprites/TileSprites/Ground_Wall_01.jpg
  artifactKey: Guid(2b5182fec5c0dcd4aafb0b79f3ebb257) Importer(815301076,1909f56bfc062723c751e8b465ee728b)
Start importing Assets/Sprites/TileSprites/Ground_Wall_01.jpg using Guid(2b5182fec5c0dcd4aafb0b79f3ebb257) Importer(815301076,1909f56bfc062723c751e8b465ee728b)  -> (artifact id: 'f0df91bf059438dccc31229f1c77aa00') in 0.017530 seconds 
========================================================================
Received Import Request.
  Time since last request: 6.295105 seconds.
  path: Assets/Sprites/TileSprites/Ground_Wall_02.jpg
  artifactKey: Guid(9f1c7afcf0055884da1e96da1707dfcf) Importer(815301076,1909f56bfc062723c751e8b465ee728b)
Start importing Assets/Sprites/TileSprites/Ground_Wall_02.jpg using Guid(9f1c7afcf0055884da1e96da1707dfcf) Importer(815301076,1909f56bfc062723c751e8b465ee728b)  -> (artifact id: 'f960ca71ea715f21ec33ef28a4374062') in 0.018622 seconds 
========================================================================
Received Import Request.
  Time since last request: 165.194173 seconds.
  path: Assets/Sprites/TileSprites/Corner_Ground_02.asset
  artifactKey: Guid(a360d93b75959bb4598521c10544285a) Importer(815301076,1909f56bfc062723c751e8b465ee728b)
Start importing Assets/Sprites/TileSprites/Corner_Ground_02.asset using Guid(a360d93b75959bb4598521c10544285a) Importer(815301076,1909f56bfc062723c751e8b465ee728b)  -> (artifact id: '0fdd1bcd58cb1d191ff74d1cbfab342e') in 0.020088 seconds 
========================================================================
Received Import Request.
  Time since last request: 0.000032 seconds.
  path: Assets/Sprites/TileSprites/Ground_02.asset
  artifactKey: Guid(47c6aa8af5bdd6a40b14ce4e7ee728bf) Importer(815301076,1909f56bfc062723c751e8b465ee728b)
Start importing Assets/Sprites/TileSprites/Ground_02.asset using Guid(47c6aa8af5bdd6a40b14ce4e7ee728bf) Importer(815301076,1909f56bfc062723c751e8b465ee728b)  -> (artifact id: '55aede4f7cf077b3831239ff89d11508') in 0.018832 seconds 
========================================================================
Received Import Request.
  Time since last request: 0.000023 seconds.
  path: Assets/Sprites/TileSprites/Ground_01.asset
  artifactKey: Guid(5b90b32029ecd9d4b9e74dbcf869b878) Importer(815301076,1909f56bfc062723c751e8b465ee728b)
Start importing Assets/Sprites/TileSprites/Ground_01.asset using Guid(5b90b32029ecd9d4b9e74dbcf869b878) Importer(815301076,1909f56bfc062723c751e8b465ee728b)  -> (artifact id: '903ab2049dffd4a5b893cce61c25b9eb') in 0.017999 seconds 
========================================================================
Received Import Request.
  Time since last request: 0.000023 seconds.
  path: Assets/Sprites/TileSprites/Corner_Void_02.asset
  artifactKey: Guid(080055ce964ea5542bf303b0bc3c4eae) Importer(815301076,1909f56bfc062723c751e8b465ee728b)
Start importing Assets/Sprites/TileSprites/Corner_Void_02.asset using Guid(080055ce964ea5542bf303b0bc3c4eae) Importer(815301076,1909f56bfc062723c751e8b465ee728b)  -> (artifact id: 'e36a8c6978c88e459f601e7a2b75acf1') in 0.011653 seconds 
========================================================================
Received Import Request.
  Time since last request: 1.051598 seconds.
  path: Assets/Sprites/TileSprites/Ground_Wall_01.asset
  artifactKey: Guid(2bb787940a06c0346a6ddeba729481b6) Importer(815301076,1909f56bfc062723c751e8b465ee728b)
Start importing Assets/Sprites/TileSprites/Ground_Wall_01.asset using Guid(2bb787940a06c0346a6ddeba729481b6) Importer(815301076,1909f56bfc062723c751e8b465ee728b)  -> (artifact id: '03e5b1363da140804dfab56c695854f0') in 0.009081 seconds 
========================================================================
Received Import Request.
  Time since last request: 0.004404 seconds.
  path: Assets/Sprites/TileSprites/Ground_Wall_02.asset
  artifactKey: Guid(dec138027a398544cb235d41d4fe3f00) Importer(815301076,1909f56bfc062723c751e8b465ee728b)
Start importing Assets/Sprites/TileSprites/Ground_Wall_02.asset using Guid(dec138027a398544cb235d41d4fe3f00) Importer(815301076,1909f56bfc062723c751e8b465ee728b)  -> (artifact id: '8d4ed65b1203b8d13997de0e903eab29') in 0.010882 seconds 
========================================================================
Received Import Request.
  Time since last request: 0.012831 seconds.
  path: Assets/Sprites/TileSprites/Side_Void_Wall_01.asset
  artifactKey: Guid(58eb8207f05f6014b9a0bb889fd7da78) Importer(815301076,1909f56bfc062723c751e8b465ee728b)
Start importing Assets/Sprites/TileSprites/Side_Void_Wall_01.asset using Guid(58eb8207f05f6014b9a0bb889fd7da78) Importer(815301076,1909f56bfc062723c751e8b465ee728b)  -> (artifact id: '77b09267df54a112cdd974069aaac9c0') in 0.009633 seconds 
========================================================================
Received Import Request.
  Time since last request: 0.015620 seconds.
  path: Assets/Sprites/TileSprites/Side_Void_Wall_02.asset
  artifactKey: Guid(0cff53fc83abe9d44a10eae854d6aa0d) Importer(815301076,1909f56bfc062723c751e8b465ee728b)
Start importing Assets/Sprites/TileSprites/Side_Void_Wall_02.asset using Guid(0cff53fc83abe9d44a10eae854d6aa0d) Importer(815301076,1909f56bfc062723c751e8b465ee728b)  -> (artifact id: '2212466b613c04ace24e37156f7372b5') in 0.012403 seconds 
========================================================================
Received Import Request.
  Time since last request: 0.013100 seconds.
  path: Assets/Sprites/TileSprites/Wall_02.asset
  artifactKey: Guid(8986e73685bb60a438975e063e28ec14) Importer(815301076,1909f56bfc062723c751e8b465ee728b)
Start importing Assets/Sprites/TileSprites/Wall_02.asset using Guid(8986e73685bb60a438975e063e28ec14) Importer(815301076,1909f56bfc062723c751e8b465ee728b)  -> (artifact id: '020059b92af5b57b2176abdf9619bc3e') in 0.012479 seconds 
========================================================================
Received Import Request.
  Time since last request: 0.012592 seconds.
  path: Assets/Sprites/TileSprites/Wall_04.asset
  artifactKey: Guid(c7f8e0447eed2764d8ae7858d1ef4a84) Importer(815301076,1909f56bfc062723c751e8b465ee728b)
Start importing Assets/Sprites/TileSprites/Wall_04.asset using Guid(c7f8e0447eed2764d8ae7858d1ef4a84) Importer(815301076,1909f56bfc062723c751e8b465ee728b)  -> (artifact id: '220af1de6aa7dd47117c5c9d63e7fc08') in 0.011363 seconds 
========================================================================
Received Import Request.
  Time since last request: 1.464610 seconds.
  path: Assets/Sprites/TileSprites/Back_Wall_01.asset
  artifactKey: Guid(ff26010d00780b941bb0af40ed5647b1) Importer(815301076,1909f56bfc062723c751e8b465ee728b)
Start importing Assets/Sprites/TileSprites/Back_Wall_01.asset using Guid(ff26010d00780b941bb0af40ed5647b1) Importer(815301076,1909f56bfc062723c751e8b465ee728b)  -> (artifact id: '36294542e882fa3a54f58e27a76a1e0c') in 0.012168 seconds 
========================================================================
Received Import Request.
  Time since last request: 0.000015 seconds.
  path: Assets/Sprites/TileSprites/Back_Wall_04.asset
  artifactKey: Guid(e270ed429ba16244d86cbae55871064d) Importer(815301076,1909f56bfc062723c751e8b465ee728b)
Start importing Assets/Sprites/TileSprites/Back_Wall_04.asset using Guid(e270ed429ba16244d86cbae55871064d) Importer(815301076,1909f56bfc062723c751e8b465ee728b)  -> (artifact id: '0a1acd7f82806366736ec677adc51839') in 0.011350 seconds 
========================================================================
Received Import Request.
  Time since last request: 0.000020 seconds.
  path: Assets/Sprites/TileSprites/Back_Wall_03.asset
  artifactKey: Guid(bf4c0d3a5ce3de049860bcc653149361) Importer(815301076,1909f56bfc062723c751e8b465ee728b)
Start importing Assets/Sprites/TileSprites/Back_Wall_03.asset using Guid(bf4c0d3a5ce3de049860bcc653149361) Importer(815301076,1909f56bfc062723c751e8b465ee728b)  -> (artifact id: '0feb74843286659045dd79f42a470c00') in 0.012216 seconds 
========================================================================
Received Import Request.
  Time since last request: 206.791528 seconds.
  path: Assets/Tiles/Red_Dungeon.prefab
  artifactKey: Guid(f2b324e712e26844984e6a5c4706ca21) Importer(815301076,1909f56bfc062723c751e8b465ee728b)
Start importing Assets/Tiles/Red_Dungeon.prefab using Guid(f2b324e712e26844984e6a5c4706ca21) Importer(815301076,1909f56bfc062723c751e8b465ee728b)  -> (artifact id: 'b62e951e01c32f93623858cd27ad28a6') in 0.163792 seconds 
========================================================================
Received Import Request.
  Time since last request: 4049.861429 seconds.
  path: Assets/Sprites/TileSprites/Wall_03.jpg
  artifactKey: Guid(99d6032160b830949898c0f1150e389e) Importer(815301076,1909f56bfc062723c751e8b465ee728b)
Start importing Assets/Sprites/TileSprites/Wall_03.jpg using Guid(99d6032160b830949898c0f1150e389e) Importer(815301076,1909f56bfc062723c751e8b465ee728b)  -> (artifact id: 'c5e9d0d0579ea5528641d447bd1d6f84') in 0.046313 seconds 
========================================================================
Received Import Request.
  Time since last request: 156.604359 seconds.
  path: Assets/Tiles
  artifactKey: Guid(8d92ca7974ccd1c47b4ab2f1d8e931ee) Importer(815301076,1909f56bfc062723c751e8b465ee728b)
Start importing Assets/Tiles using Guid(8d92ca7974ccd1c47b4ab2f1d8e931ee) Importer(815301076,1909f56bfc062723c751e8b465ee728b)  -> (artifact id: 'ffc145e1c836a9a6ce6f6759dfe3e81e') in 0.005496 seconds 
========================================================================
Received Import Request.
  Time since last request: 0.921450 seconds.
  path: Assets/Tiles/Walls.prefab
  artifactKey: Guid(1d299b451c015fb46ad6b083a08b6e16) Importer(815301076,1909f56bfc062723c751e8b465ee728b)
Start importing Assets/Tiles/Walls.prefab using Guid(1d299b451c015fb46ad6b083a08b6e16) Importer(815301076,1909f56bfc062723c751e8b465ee728b)  -> (artifact id: 'e1ecb7fe4d627cc941a358f1936e0edd') in 0.049306 seconds 
========================================================================
Received Import Request.
  Time since last request: 1.693551 seconds.
  path: Assets/Tiles/Ground
  artifactKey: Guid(69b9df3ee123bc04aa2f81d18bc3ffa0) Importer(815301076,1909f56bfc062723c751e8b465ee728b)
Start importing Assets/Tiles/Ground using Guid(69b9df3ee123bc04aa2f81d18bc3ffa0) Importer(815301076,1909f56bfc062723c751e8b465ee728b)  -> (artifact id: 'ca90cd7eb0962494c5eeff4219eebd04') in 0.005488 seconds 
========================================================================
Received Import Request.
  Time since last request: 0.585405 seconds.
  path: Assets/Tiles/Walls
  artifactKey: Guid(26056659292a4b94c85508741a3bfab4) Importer(815301076,1909f56bfc062723c751e8b465ee728b)
Start importing Assets/Tiles/Walls using Guid(26056659292a4b94c85508741a3bfab4) Importer(815301076,1909f56bfc062723c751e8b465ee728b)  -> (artifact id: '868d8f38892780cbc6ee5d90fe61ed75') in 0.002388 seconds 
========================================================================
Received Import Request.
  Time since last request: 0.079555 seconds.
  path: Assets/Tiles/Walls/Back_Wall_01.asset
  artifactKey: Guid(3a3eb71fb702d924194ac1d82db30797) Importer(815301076,1909f56bfc062723c751e8b465ee728b)
Start importing Assets/Tiles/Walls/Back_Wall_01.asset using Guid(3a3eb71fb702d924194ac1d82db30797) Importer(815301076,1909f56bfc062723c751e8b465ee728b)  -> (artifact id: '0d3abea6c55f39679f085f5f4bf4ee90') in 0.011415 seconds 
========================================================================
Received Import Request.
  Time since last request: 0.052037 seconds.
  path: Assets/Tiles/Walls/Back_Wall_03.asset
  artifactKey: Guid(434951646ee8bcc4583ad34a2defca24) Importer(815301076,1909f56bfc062723c751e8b465ee728b)
Start importing Assets/Tiles/Walls/Back_Wall_03.asset using Guid(434951646ee8bcc4583ad34a2defca24) Importer(815301076,1909f56bfc062723c751e8b465ee728b)  -> (artifact id: '727e8e58bcd5916674a42b6afdf813b7') in 0.012544 seconds 
========================================================================
Received Import Request.
  Time since last request: 0.000031 seconds.
  path: Assets/Tiles/Walls/Wall_04.asset
  artifactKey: Guid(0ee61e3bbcd6ce04fbd6ad1244d21b96) Importer(815301076,1909f56bfc062723c751e8b465ee728b)
Start importing Assets/Tiles/Walls/Wall_04.asset using Guid(0ee61e3bbcd6ce04fbd6ad1244d21b96) Importer(815301076,1909f56bfc062723c751e8b465ee728b)  -> (artifact id: '889890e9920518775eb920f99e3b5668') in 0.014223 seconds 
========================================================================
Received Import Request.
  Time since last request: 0.000029 seconds.
  path: Assets/Tiles/Walls/Side_Void_Wall_01.asset
  artifactKey: Guid(9e70c393e900c60478b85bf02498ae33) Importer(815301076,1909f56bfc062723c751e8b465ee728b)
Start importing Assets/Tiles/Walls/Side_Void_Wall_01.asset using Guid(9e70c393e900c60478b85bf02498ae33) Importer(815301076,1909f56bfc062723c751e8b465ee728b)  -> (artifact id: '6ed51441e91c4c174afa135dbded28f2') in 0.012010 seconds 
========================================================================
Received Import Request.
  Time since last request: 0.000027 seconds.
  path: Assets/Tiles/Walls/Corner_Ground_01.asset
  artifactKey: Guid(034b292942c59894ca632b8656bb487a) Importer(815301076,1909f56bfc062723c751e8b465ee728b)
Start importing Assets/Tiles/Walls/Corner_Ground_01.asset using Guid(034b292942c59894ca632b8656bb487a) Importer(815301076,1909f56bfc062723c751e8b465ee728b)  -> (artifact id: 'e71aacef27b29d38b6057b9c7802e07a') in 0.014905 seconds 
========================================================================
Received Import Request.
  Time since last request: 0.000029 seconds.
  path: Assets/Tiles/Walls/Corner_Void_01.asset
  artifactKey: Guid(cdbd19ba07a3b7f479c492815a3e325c) Importer(815301076,1909f56bfc062723c751e8b465ee728b)
Start importing Assets/Tiles/Walls/Corner_Void_01.asset using Guid(cdbd19ba07a3b7f479c492815a3e325c) Importer(815301076,1909f56bfc062723c751e8b465ee728b)  -> (artifact id: '22ca9199caf01b2aa005e370e7cbb293') in 0.013716 seconds 
========================================================================
Received Import Request.
  Time since last request: 0.000017 seconds.
  path: Assets/Tiles/Walls/Wall_02.asset
  artifactKey: Guid(677926e594076f7488230f2e329bd4a7) Importer(815301076,1909f56bfc062723c751e8b465ee728b)
Start importing Assets/Tiles/Walls/Wall_02.asset using Guid(677926e594076f7488230f2e329bd4a7) Importer(815301076,1909f56bfc062723c751e8b465ee728b)  -> (artifact id: '0a9626b489de975bac45304b4ff28c72') in 0.014886 seconds 
========================================================================
Received Import Request.
  Time since last request: 21.178361 seconds.
  path: Assets/Tiles/Walls.prefab
  artifactKey: Guid(1d299b451c015fb46ad6b083a08b6e16) Importer(815301076,1909f56bfc062723c751e8b465ee728b)
Start importing Assets/Tiles/Walls.prefab using Guid(1d299b451c015fb46ad6b083a08b6e16) Importer(815301076,1909f56bfc062723c751e8b465ee728b)  -> (artifact id: 'b147f5cd4f2c97703ce92872586855a7') in 0.011968 seconds 
========================================================================
Received Import Request.
  Time since last request: 16.857807 seconds.
  path: Assets/Sprites/TileSprites/Back_Wall_01.jpg
  artifactKey: Guid(ce122a3c1c6d9424abf5680959e6fc8b) Importer(815301076,1909f56bfc062723c751e8b465ee728b)
Start importing Assets/Sprites/TileSprites/Back_Wall_01.jpg using Guid(ce122a3c1c6d9424abf5680959e6fc8b) Importer(815301076,1909f56bfc062723c751e8b465ee728b)  -> (artifact id: 'b8437d080eb10b8f3c13665e6c1ab0a2') in 0.025241 seconds 
========================================================================
Received Import Request.
  Time since last request: 0.000025 seconds.
  path: Assets/Sprites/TileSprites/Back_Wall_03.jpg
  artifactKey: Guid(f66975628599d7e44b91949600dcee3b) Importer(815301076,1909f56bfc062723c751e8b465ee728b)
Start importing Assets/Sprites/TileSprites/Back_Wall_03.jpg using Guid(f66975628599d7e44b91949600dcee3b) Importer(815301076,1909f56bfc062723c751e8b465ee728b)  -> (artifact id: 'f64ba5beba74e2b8c76f9dcb2a3dea9a') in 0.021895 seconds 
========================================================================
Received Import Request.
  Time since last request: 22.441711 seconds.
  path: Assets/Sprites/TileSprites/Back_Wall_04.jpg
  artifactKey: Guid(b21138cd40ad7124e80563e41d64279d) Importer(815301076,1909f56bfc062723c751e8b465ee728b)
Start importing Assets/Sprites/TileSprites/Back_Wall_04.jpg using Guid(b21138cd40ad7124e80563e41d64279d) Importer(815301076,1909f56bfc062723c751e8b465ee728b)  -> (artifact id: '33261d8cbd547d23772482b7c9509f58') in 0.024472 seconds 
========================================================================
Received Import Request.
  Time since last request: 0.000019 seconds.
  path: Assets/Sprites/TileSprites/Ground_Wall_02.jpg
  artifactKey: Guid(9f1c7afcf0055884da1e96da1707dfcf) Importer(815301076,1909f56bfc062723c751e8b465ee728b)
Start importing Assets/Sprites/TileSprites/Ground_Wall_02.jpg using Guid(9f1c7afcf0055884da1e96da1707dfcf) Importer(815301076,1909f56bfc062723c751e8b465ee728b)  -> (artifact id: '5dc125ccf2dda39a918815d2df7bb508') in 0.025919 seconds 
========================================================================
Received Import Request.
  Time since last request: 0.000018 seconds.
  path: Assets/Sprites/TileSprites/Ground_04.jpg
  artifactKey: Guid(79643ff913c5ee94cbca19d090f28bdc) Importer(815301076,1909f56bfc062723c751e8b465ee728b)
Start importing Assets/Sprites/TileSprites/Ground_04.jpg using Guid(79643ff913c5ee94cbca19d090f28bdc) Importer(815301076,1909f56bfc062723c751e8b465ee728b)  -> (artifact id: '116c0042566b72e377c8d793dd1eebdf') in 0.018081 seconds 
========================================================================
Received Import Request.
  Time since last request: 0.000031 seconds.
  path: Assets/Sprites/TileSprites/Corner_Void_02.jpg
  artifactKey: Guid(9c227797f73a192479cccb73c2f380d7) Importer(815301076,1909f56bfc062723c751e8b465ee728b)
Start importing Assets/Sprites/TileSprites/Corner_Void_02.jpg using Guid(9c227797f73a192479cccb73c2f380d7) Importer(815301076,1909f56bfc062723c751e8b465ee728b)  -> (artifact id: '1f3ee6c3169e38740ab81438ff35d494') in 0.026507 seconds 
========================================================================
Received Import Request.
  Time since last request: 0.000041 seconds.
  path: Assets/Sprites/TileSprites/Ground_03.jpg
  artifactKey: Guid(56c858298dc9dc64db1cb7685b7e0855) Importer(815301076,1909f56bfc062723c751e8b465ee728b)
Start importing Assets/Sprites/TileSprites/Ground_03.jpg using Guid(56c858298dc9dc64db1cb7685b7e0855) Importer(815301076,1909f56bfc062723c751e8b465ee728b)  -> (artifact id: '2574c6ffbe897e396430601dce68f958') in 0.015962 seconds 
========================================================================
Received Import Request.
  Time since last request: 0.000020 seconds.
  path: Assets/Sprites/TileSprites/Ground_02.jpg
  artifactKey: Guid(1751deedb9a7d844a8361d7a7badaf51) Importer(815301076,1909f56bfc062723c751e8b465ee728b)
Start importing Assets/Sprites/TileSprites/Ground_02.jpg using Guid(1751deedb9a7d844a8361d7a7badaf51) Importer(815301076,1909f56bfc062723c751e8b465ee728b)  -> (artifact id: 'd1548bcf1094009297b150bfe15cd7c2') in 0.021928 seconds 
========================================================================
Received Import Request.
  Time since last request: 3.849015 seconds.
  path: Assets/Sprites/TileSprites/Side_Void_Wall_01.jpg
  artifactKey: Guid(4a411c80c0bcd1f478deeb5e0d52d2de) Importer(815301076,1909f56bfc062723c751e8b465ee728b)
Start importing Assets/Sprites/TileSprites/Side_Void_Wall_01.jpg using Guid(4a411c80c0bcd1f478deeb5e0d52d2de) Importer(815301076,1909f56bfc062723c751e8b465ee728b)  -> (artifact id: 'da02aed405aa3091e2673b29faa06d56') in 0.018372 seconds 
========================================================================
Received Import Request.
  Time since last request: 0.025849 seconds.
  path: Assets/Sprites/TileSprites/Wall_01.jpg
  artifactKey: Guid(eed567bea1894f448a1bcc907ce179a6) Importer(815301076,1909f56bfc062723c751e8b465ee728b)
Start importing Assets/Sprites/TileSprites/Wall_01.jpg using Guid(eed567bea1894f448a1bcc907ce179a6) Importer(815301076,1909f56bfc062723c751e8b465ee728b)  -> (artifact id: 'fe692eba8c8bfe3e16c515bf4b6c47fb') in 0.025725 seconds 
========================================================================
Received Import Request.
  Time since last request: 0.335553 seconds.
  path: Assets/Sprites/TileSprites/Wall_04.jpg
  artifactKey: Guid(882cfda81ee50e54991fd58c01394928) Importer(815301076,1909f56bfc062723c751e8b465ee728b)
Start importing Assets/Sprites/TileSprites/Wall_04.jpg using Guid(882cfda81ee50e54991fd58c01394928) Importer(815301076,1909f56bfc062723c751e8b465ee728b)  -> (artifact id: '88f41c55aebcd79ac75253fb43989c87') in 0.019567 seconds 
========================================================================
Received Import Request.
  Time since last request: 168.108542 seconds.
  path: Assets/Tiles/Walls.prefab
  artifactKey: Guid(1d299b451c015fb46ad6b083a08b6e16) Importer(815301076,1909f56bfc062723c751e8b465ee728b)
Start importing Assets/Tiles/Walls.prefab using Guid(1d299b451c015fb46ad6b083a08b6e16) Importer(815301076,1909f56bfc062723c751e8b465ee728b)  -> (artifact id: 'db83836d6b0de0d55ce884366c92d7c0') in 0.031098 seconds 
========================================================================
Received Import Request.
  Time since last request: 1.354949 seconds.
  path: Assets/Tiles/Walls/Back_Wall_01.asset
  artifactKey: Guid(3a3eb71fb702d924194ac1d82db30797) Importer(815301076,1909f56bfc062723c751e8b465ee728b)
Start importing Assets/Tiles/Walls/Back_Wall_01.asset using Guid(3a3eb71fb702d924194ac1d82db30797) Importer(815301076,1909f56bfc062723c751e8b465ee728b)  -> (artifact id: 'a2f4470f390d617231edc4a535806144') in 0.012164 seconds 
========================================================================
Received Import Request.
  Time since last request: 0.000024 seconds.
  path: Assets/Tiles/Walls/Ground_Wall_01.asset
  artifactKey: Guid(be6dc8d2770f26e4e8a9c29df7cb6489) Importer(815301076,1909f56bfc062723c751e8b465ee728b)
Start importing Assets/Tiles/Walls/Ground_Wall_01.asset using Guid(be6dc8d2770f26e4e8a9c29df7cb6489) Importer(815301076,1909f56bfc062723c751e8b465ee728b)  -> (artifact id: '1ce45f02612c7b7c376aa227c69755d9') in 0.010145 seconds 
========================================================================
Received Import Request.
  Time since last request: 0.000021 seconds.
  path: Assets/Tiles/Walls/Corner_Void_02.asset
  artifactKey: Guid(3879dd473e57dba4faa21ea0a0e743cf) Importer(815301076,1909f56bfc062723c751e8b465ee728b)
Start importing Assets/Tiles/Walls/Corner_Void_02.asset using Guid(3879dd473e57dba4faa21ea0a0e743cf) Importer(815301076,1909f56bfc062723c751e8b465ee728b)  -> (artifact id: 'fbc9f70be4141c0d73b689609236f961') in 0.010572 seconds 
========================================================================
Received Import Request.
  Time since last request: 0.000018 seconds.
  path: Assets/Tiles/Walls/Side_Void_Wall_01.asset
  artifactKey: Guid(9e70c393e900c60478b85bf02498ae33) Importer(815301076,1909f56bfc062723c751e8b465ee728b)
Start importing Assets/Tiles/Walls/Side_Void_Wall_01.asset using Guid(9e70c393e900c60478b85bf02498ae33) Importer(815301076,1909f56bfc062723c751e8b465ee728b)  -> (artifact id: '48902a1593cbce51193ea0afc3cee751') in 0.008279 seconds 
========================================================================
Received Import Request.
  Time since last request: 0.000015 seconds.
  path: Assets/Tiles/Walls/Ground_Wall_02.asset
  artifactKey: Guid(6f679b137c6a0f34f8fe3696d6bc29bd) Importer(815301076,1909f56bfc062723c751e8b465ee728b)
Start importing Assets/Tiles/Walls/Ground_Wall_02.asset using Guid(6f679b137c6a0f34f8fe3696d6bc29bd) Importer(815301076,1909f56bfc062723c751e8b465ee728b)  -> (artifact id: '4e1675bf8da6db19e346be574a3e3d52') in 0.011217 seconds 
========================================================================
Received Import Request.
  Time since last request: 0.000022 seconds.
  path: Assets/Tiles/Walls/Back_Wall_03.asset
  artifactKey: Guid(434951646ee8bcc4583ad34a2defca24) Importer(815301076,1909f56bfc062723c751e8b465ee728b)
Start importing Assets/Tiles/Walls/Back_Wall_03.asset using Guid(434951646ee8bcc4583ad34a2defca24) Importer(815301076,1909f56bfc062723c751e8b465ee728b)  -> (artifact id: '490f0aa4ed8699f92fc804646d66e40b') in 0.009617 seconds 
========================================================================
Received Import Request.
  Time since last request: 0.000043 seconds.
  path: Assets/Tiles/Walls/Void.asset
  artifactKey: Guid(c6c0731fae9159d42bacd91f1e1ef389) Importer(815301076,1909f56bfc062723c751e8b465ee728b)
Start importing Assets/Tiles/Walls/Void.asset using Guid(c6c0731fae9159d42bacd91f1e1ef389) Importer(815301076,1909f56bfc062723c751e8b465ee728b)  -> (artifact id: '0a821e84dcdaf14159ee47ef1807fdfb') in 0.008938 seconds 
========================================================================
Received Import Request.
  Time since last request: 0.000015 seconds.
  path: Assets/Tiles/Walls/Side_Void_Wall_02.asset
  artifactKey: Guid(8d2028d77720cf04c8206ce220bbd2b8) Importer(815301076,1909f56bfc062723c751e8b465ee728b)
Start importing Assets/Tiles/Walls/Side_Void_Wall_02.asset using Guid(8d2028d77720cf04c8206ce220bbd2b8) Importer(815301076,1909f56bfc062723c751e8b465ee728b)  -> (artifact id: '25fcab68614da7b549b4307453c2ac31') in 0.011209 seconds 
========================================================================
Received Import Request.
  Time since last request: 0.000018 seconds.
  path: Assets/Tiles/Walls/Corner_Void_01.asset
  artifactKey: Guid(cdbd19ba07a3b7f479c492815a3e325c) Importer(815301076,1909f56bfc062723c751e8b465ee728b)
Start importing Assets/Tiles/Walls/Corner_Void_01.asset using Guid(cdbd19ba07a3b7f479c492815a3e325c) Importer(815301076,1909f56bfc062723c751e8b465ee728b)  -> (artifact id: 'c642603e5ad756c7e422d7c439b4e8d9') in 0.009983 seconds 
========================================================================
Received Import Request.
  Time since last request: 0.000017 seconds.
  path: Assets/Tiles/Walls/Corner_Ground_02.asset
  artifactKey: Guid(d98076465fe6e0a4aaa09d1aa139392c) Importer(815301076,1909f56bfc062723c751e8b465ee728b)
Start importing Assets/Tiles/Walls/Corner_Ground_02.asset using Guid(d98076465fe6e0a4aaa09d1aa139392c) Importer(815301076,1909f56bfc062723c751e8b465ee728b)  -> (artifact id: '9415d940e09255c08256b6687118bf1d') in 0.011174 seconds 
========================================================================
Received Import Request.
  Time since last request: 36.118651 seconds.
  path: Assets/Tiles/Walls/Wall_04.asset
  artifactKey: Guid(0ee61e3bbcd6ce04fbd6ad1244d21b96) Importer(815301076,1909f56bfc062723c751e8b465ee728b)
Start importing Assets/Tiles/Walls/Wall_04.asset using Guid(0ee61e3bbcd6ce04fbd6ad1244d21b96) Importer(815301076,1909f56bfc062723c751e8b465ee728b)  -> (artifact id: 'ed756aedf2049ff7b5dc8f907f680ef8') in 0.011873 seconds 
========================================================================
Received Import Request.
  Time since last request: 359.370838 seconds.
  path: Assets/Sprites/TileSprites/Side_Void_Wall_02.jpg
  artifactKey: Guid(96042b1bdf30f7f4c99d559cf9c87bb1) Importer(815301076,1909f56bfc062723c751e8b465ee728b)
Start importing Assets/Sprites/TileSprites/Side_Void_Wall_02.jpg using Guid(96042b1bdf30f7f4c99d559cf9c87bb1) Importer(815301076,1909f56bfc062723c751e8b465ee728b)  -> (artifact id: '399484ac8b07251a150b200070236143') in 0.024691 seconds 
========================================================================
Received Import Request.
  Time since last request: 0.136175 seconds.
  path: Assets/Sprites/TileSprites/Side_Void_Wall_03.jpg
  artifactKey: Guid(a250b0d1f36348e4ea44a74a7cc78887) Importer(815301076,1909f56bfc062723c751e8b465ee728b)
Start importing Assets/Sprites/TileSprites/Side_Void_Wall_03.jpg using Guid(a250b0d1f36348e4ea44a74a7cc78887) Importer(815301076,1909f56bfc062723c751e8b465ee728b)  -> (artifact id: '76d8cab7b2a03f1c9c9495e0347dbf83') in 0.017859 seconds 
========================================================================
Received Import Request.
  Time since last request: 16.521648 seconds.
  path: Assets/Tiles/Walls/Side_Void_Wall_02.asset
  artifactKey: Guid(8d2028d77720cf04c8206ce220bbd2b8) Importer(815301076,1909f56bfc062723c751e8b465ee728b)
Start importing Assets/Tiles/Walls/Side_Void_Wall_02.asset using Guid(8d2028d77720cf04c8206ce220bbd2b8) Importer(815301076,1909f56bfc062723c751e8b465ee728b)  -> (artifact id: '6b4ce91a7139ca28a4fa25688718ee99') in 0.009321 seconds 
========================================================================
Received Import Request.
  Time since last request: 15.074397 seconds.
  path: Assets/Sprites/TileSprites/Side_Void_Wall_03.jpg
  artifactKey: Guid(a250b0d1f36348e4ea44a74a7cc78887) Importer(815301076,1909f56bfc062723c751e8b465ee728b)
Start importing Assets/Sprites/TileSprites/Side_Void_Wall_03.jpg using Guid(a250b0d1f36348e4ea44a74a7cc78887) Importer(815301076,1909f56bfc062723c751e8b465ee728b)  -> (artifact id: '93851835a2cd4b4d91240eaa92b67455') in 0.021376 seconds 
========================================================================
Received Import Request.
  Time since last request: 46.722394 seconds.
  path: Assets/Sprites/TileSprites/Side_Void_Wall_02.jpg
  artifactKey: Guid(96042b1bdf30f7f4c99d559cf9c87bb1) Importer(815301076,1909f56bfc062723c751e8b465ee728b)
Start importing Assets/Sprites/TileSprites/Side_Void_Wall_02.jpg using Guid(96042b1bdf30f7f4c99d559cf9c87bb1) Importer(815301076,1909f56bfc062723c751e8b465ee728b)  -> (artifact id: '56b3731855a66fd604fc92bb8ff1f855') in 0.015155 seconds 
========================================================================
Received Import Request.
  Time since last request: 15.405029 seconds.
  path: Assets/Sprites/TileSprites/Side_Void_Wall_01.asset
  artifactKey: Guid(58eb8207f05f6014b9a0bb889fd7da78) Importer(815301076,1909f56bfc062723c751e8b465ee728b)
Start importing Assets/Sprites/TileSprites/Side_Void_Wall_01.asset using Guid(58eb8207f05f6014b9a0bb889fd7da78) Importer(815301076,1909f56bfc062723c751e8b465ee728b)  -> (artifact id: '638aeac3eeb74e6a0f5f1ca944074fe4') in 0.010908 seconds 
========================================================================
Received Import Request.
  Time since last request: 3.195651 seconds.
  path: Assets/Tiles/Walls.prefab
  artifactKey: Guid(1d299b451c015fb46ad6b083a08b6e16) Importer(815301076,1909f56bfc062723c751e8b465ee728b)
Start importing Assets/Tiles/Walls.prefab using Guid(1d299b451c015fb46ad6b083a08b6e16) Importer(815301076,1909f56bfc062723c751e8b465ee728b)  -> (artifact id: 'cd321411d4a716a0b5a4cdf542c74f91') in 0.022729 seconds 
========================================================================
Received Import Request.
  Time since last request: 1.354850 seconds.
  path: Assets/Tiles/Walls/Side_Void_Wall_02.asset
  artifactKey: Guid(8d2028d77720cf04c8206ce220bbd2b8) Importer(815301076,1909f56bfc062723c751e8b465ee728b)
Start importing Assets/Tiles/Walls/Side_Void_Wall_02.asset using Guid(8d2028d77720cf04c8206ce220bbd2b8) Importer(815301076,1909f56bfc062723c751e8b465ee728b)  -> (artifact id: '4e879c8003293800c1d08c4eff8d2942') in 0.010588 seconds 
========================================================================
Received Prepare
Registering precompiled user dll's ...
Registered in 0.008232 seconds.
Begin MonoManager ReloadAssembly
Symbol file LoadedFromMemory doesn't match image C:\Users\Archie Minney\Documents\GitHub\Jammin\LoveAtADistance\Library\PackageCache\com.unity.visualscripting@1.7.8\Editor\VisualScripting.Core\Dependencies\YamlDotNet\Unity.VisualScripting.YamlDotNet.dll
Symbol file LoadedFromMemory doesn't match image C:\Users\Archie Minney\Documents\GitHub\Jammin\LoveAtADistance\Library\PackageCache\com.unity.visualscripting@1.7.8\Editor\VisualScripting.Core\Dependencies\DotNetZip\Unity.VisualScripting.IonicZip.dll
Native extension for WindowsStandalone target not found
Refreshing native plugins compatible for Editor in 1.10 ms, found 4 plugins.
Preloading 0 native plugins for Editor in 0.00 ms.
Mono: successfully reloaded assembly
- Completed reload, in  1.009 seconds
Domain Reload Profiling:
	ReloadAssembly (1010ms)
		BeginReloadAssembly (172ms)
			ExecutionOrderSort (0ms)
			DisableScriptedObjects (10ms)
			BackupInstance (0ms)
			ReleaseScriptingObjects (0ms)
			CreateAndSetChildDomain (65ms)
		EndReloadAssembly (742ms)
			LoadAssemblies (88ms)
			RebuildTransferFunctionScriptingTraits (0ms)
			SetupTypeCache (237ms)
			ReleaseScriptCaches (2ms)
			RebuildScriptCaches (46ms)
			SetupLoadedEditorAssemblies (331ms)
				LogAssemblyErrors (0ms)
				InitializePlatformSupportModulesInManaged (13ms)
				SetLoadedEditorAssemblies (1ms)
				RefreshPlugins (1ms)
				BeforeProcessingInitializeOnLoad (78ms)
				ProcessInitializeOnLoadAttributes (193ms)
				ProcessInitializeOnLoadMethodAttributes (35ms)
				AfterProcessingInitializeOnLoad (9ms)
				EditorAssembliesLoaded (0ms)
			ExecutionOrderSort2 (0ms)
			AwakeInstancesAfterBackupRestoration (10ms)
Platform modules already initialized, skipping
Refreshing native plugins compatible for Editor in 2.73 ms, found 4 plugins.
Preloading 0 native plugins for Editor in 0.00 ms.
Unloading 4066 Unused Serialized files (Serialized files now loaded: 0)
Unloading 25 unused Assets / (24.6 KB). Loaded Objects now: 4564.
Memory consumption went from 156.3 MB to 156.3 MB.
Total: 3.090500 ms (FindLiveObjects: 0.300400 ms CreateObjectMapping: 0.096600 ms MarkObjects: 2.628300 ms  DeleteObjects: 0.064300 ms)

AssetImportParameters requested are different than current active one (requested -> active):
  custom:video-decoder-ogg-theora: a1e56fd34408186e4bbccfd4996cb3dc -> 
  custom:container-muxer-webm: aa71ff27fc2769a1b78a27578f13a17b -> 
  custom:container-demuxer-webm: 4f35f7cbe854078d1ac9338744f61a02 -> 
  custom:video-encoder-webm-vp8: eb34c28f22e8b96e1ab97ce403110664 -> 
  custom:audio-encoder-webm-vorbis: bf7c407c2cedff20999df2af8eb42d56 -> 
  custom:framework-win-MediaFoundation: 216162199b28c13a410421893ffa2e32 -> 
  custom:container-demuxer-ogg: 62fdf1f143b41e24485cea50d1cbac27 -> 
  custom:video-decoder-webm-vp8: 9c59270c3fd7afecdb556c50c9e8de78 -> 
  custom:audio-decoder-ogg-vorbis: bf7c407c2cedff20999df2af8eb42d56 -> 
========================================================================
Received Prepare
Registering precompiled user dll's ...
Registered in 0.008759 seconds.
Begin MonoManager ReloadAssembly
Symbol file LoadedFromMemory doesn't match image C:\Users\Archie Minney\Documents\GitHub\Jammin\LoveAtADistance\Library\PackageCache\com.unity.visualscripting@1.7.8\Editor\VisualScripting.Core\Dependencies\YamlDotNet\Unity.VisualScripting.YamlDotNet.dll
Symbol file LoadedFromMemory doesn't match image C:\Users\Archie Minney\Documents\GitHub\Jammin\LoveAtADistance\Library\PackageCache\com.unity.visualscripting@1.7.8\Editor\VisualScripting.Core\Dependencies\DotNetZip\Unity.VisualScripting.IonicZip.dll
Native extension for WindowsStandalone target not found
Refreshing native plugins compatible for Editor in 0.74 ms, found 4 plugins.
Preloading 0 native plugins for Editor in 0.00 ms.
Mono: successfully reloaded assembly
- Completed reload, in  0.906 seconds
Domain Reload Profiling:
	ReloadAssembly (906ms)
		BeginReloadAssembly (117ms)
			ExecutionOrderSort (0ms)
			DisableScriptedObjects (8ms)
			BackupInstance (0ms)
			ReleaseScriptingObjects (0ms)
			CreateAndSetChildDomain (30ms)
		EndReloadAssembly (698ms)
			LoadAssemblies (80ms)
			RebuildTransferFunctionScriptingTraits (0ms)
			SetupTypeCache (199ms)
			ReleaseScriptCaches (1ms)
			RebuildScriptCaches (37ms)
			SetupLoadedEditorAssemblies (336ms)
				LogAssemblyErrors (0ms)
				InitializePlatformSupportModulesInManaged (12ms)
				SetLoadedEditorAssemblies (0ms)
				RefreshPlugins (1ms)
				BeforeProcessingInitializeOnLoad (76ms)
				ProcessInitializeOnLoadAttributes (196ms)
				ProcessInitializeOnLoadMethodAttributes (42ms)
				AfterProcessingInitializeOnLoad (9ms)
				EditorAssembliesLoaded (0ms)
			ExecutionOrderSort2 (0ms)
			AwakeInstancesAfterBackupRestoration (9ms)
Platform modules already initialized, skipping
Refreshing native plugins compatible for Editor in 2.72 ms, found 4 plugins.
Preloading 0 native plugins for Editor in 0.00 ms.
Unloading 4066 Unused Serialized files (Serialized files now loaded: 0)
Unloading 25 unused Assets / (24.7 KB). Loaded Objects now: 4567.
Memory consumption went from 156.3 MB to 156.3 MB.
Total: 2.986500 ms (FindLiveObjects: 0.301800 ms CreateObjectMapping: 0.093400 ms MarkObjects: 2.572500 ms  DeleteObjects: 0.018000 ms)

AssetImportParameters requested are different than current active one (requested -> active):
  custom:video-decoder-ogg-theora: a1e56fd34408186e4bbccfd4996cb3dc -> 
  custom:container-muxer-webm: aa71ff27fc2769a1b78a27578f13a17b -> 
  custom:container-demuxer-webm: 4f35f7cbe854078d1ac9338744f61a02 -> 
  custom:video-encoder-webm-vp8: eb34c28f22e8b96e1ab97ce403110664 -> 
  custom:audio-encoder-webm-vorbis: bf7c407c2cedff20999df2af8eb42d56 -> 
  custom:framework-win-MediaFoundation: 216162199b28c13a410421893ffa2e32 -> 
  custom:container-demuxer-ogg: 62fdf1f143b41e24485cea50d1cbac27 -> 
  custom:video-decoder-webm-vp8: 9c59270c3fd7afecdb556c50c9e8de78 -> 
  custom:audio-decoder-ogg-vorbis: bf7c407c2cedff20999df2af8eb42d56 -> 
========================================================================
Received Prepare
Registering precompiled user dll's ...
Registered in 0.010370 seconds.
Begin MonoManager ReloadAssembly
Symbol file LoadedFromMemory doesn't match image C:\Users\Archie Minney\Documents\GitHub\Jammin\LoveAtADistance\Library\PackageCache\com.unity.visualscripting@1.7.8\Editor\VisualScripting.Core\Dependencies\YamlDotNet\Unity.VisualScripting.YamlDotNet.dll
Symbol file LoadedFromMemory doesn't match image C:\Users\Archie Minney\Documents\GitHub\Jammin\LoveAtADistance\Library\PackageCache\com.unity.visualscripting@1.7.8\Editor\VisualScripting.Core\Dependencies\DotNetZip\Unity.VisualScripting.IonicZip.dll
Native extension for WindowsStandalone target not found
Refreshing native plugins compatible for Editor in 0.68 ms, found 4 plugins.
Preloading 0 native plugins for Editor in 0.00 ms.
Mono: successfully reloaded assembly
- Completed reload, in  0.934 seconds
Domain Reload Profiling:
	ReloadAssembly (934ms)
		BeginReloadAssembly (119ms)
			ExecutionOrderSort (0ms)
			DisableScriptedObjects (6ms)
			BackupInstance (0ms)
			ReleaseScriptingObjects (0ms)
			CreateAndSetChildDomain (33ms)
		EndReloadAssembly (722ms)
			LoadAssemblies (75ms)
			RebuildTransferFunctionScriptingTraits (0ms)
			SetupTypeCache (218ms)
			ReleaseScriptCaches (1ms)
			RebuildScriptCaches (41ms)
			SetupLoadedEditorAssemblies (341ms)
				LogAssemblyErrors (0ms)
				InitializePlatformSupportModulesInManaged (11ms)
				SetLoadedEditorAssemblies (0ms)
				RefreshPlugins (1ms)
				BeforeProcessingInitializeOnLoad (77ms)
				ProcessInitializeOnLoadAttributes (202ms)
				ProcessInitializeOnLoadMethodAttributes (40ms)
				AfterProcessingInitializeOnLoad (10ms)
				EditorAssembliesLoaded (0ms)
			ExecutionOrderSort2 (0ms)
			AwakeInstancesAfterBackupRestoration (10ms)
Platform modules already initialized, skipping
Refreshing native plugins compatible for Editor in 2.54 ms, found 4 plugins.
Preloading 0 native plugins for Editor in 0.00 ms.
Unloading 4066 Unused Serialized files (Serialized files now loaded: 0)
Unloading 25 unused Assets / (24.7 KB). Loaded Objects now: 4570.
Memory consumption went from 156.3 MB to 156.3 MB.
Total: 3.145900 ms (FindLiveObjects: 0.307500 ms CreateObjectMapping: 0.097800 ms MarkObjects: 2.716900 ms  DeleteObjects: 0.022900 ms)

AssetImportParameters requested are different than current active one (requested -> active):
  custom:video-decoder-ogg-theora: a1e56fd34408186e4bbccfd4996cb3dc -> 
  custom:container-muxer-webm: aa71ff27fc2769a1b78a27578f13a17b -> 
  custom:container-demuxer-webm: 4f35f7cbe854078d1ac9338744f61a02 -> 
  custom:video-encoder-webm-vp8: eb34c28f22e8b96e1ab97ce403110664 -> 
  custom:audio-encoder-webm-vorbis: bf7c407c2cedff20999df2af8eb42d56 -> 
  custom:framework-win-MediaFoundation: 216162199b28c13a410421893ffa2e32 -> 
  custom:container-demuxer-ogg: 62fdf1f143b41e24485cea50d1cbac27 -> 
  custom:video-decoder-webm-vp8: 9c59270c3fd7afecdb556c50c9e8de78 -> 
  custom:audio-decoder-ogg-vorbis: bf7c407c2cedff20999df2af8eb42d56 -> 
========================================================================
Received Prepare
Registering precompiled user dll's ...
Registered in 0.006978 seconds.
Begin MonoManager ReloadAssembly
Symbol file LoadedFromMemory doesn't match image C:\Users\Archie Minney\Documents\GitHub\Jammin\LoveAtADistance\Library\PackageCache\com.unity.visualscripting@1.7.8\Editor\VisualScripting.Core\Dependencies\YamlDotNet\Unity.VisualScripting.YamlDotNet.dll
Symbol file LoadedFromMemory doesn't match image C:\Users\Archie Minney\Documents\GitHub\Jammin\LoveAtADistance\Library\PackageCache\com.unity.visualscripting@1.7.8\Editor\VisualScripting.Core\Dependencies\DotNetZip\Unity.VisualScripting.IonicZip.dll
Native extension for WindowsStandalone target not found
Refreshing native plugins compatible for Editor in 0.65 ms, found 4 plugins.
Preloading 0 native plugins for Editor in 0.00 ms.
Mono: successfully reloaded assembly
- Completed reload, in  0.918 seconds
Domain Reload Profiling:
	ReloadAssembly (919ms)
		BeginReloadAssembly (116ms)
			ExecutionOrderSort (0ms)
			DisableScriptedObjects (7ms)
			BackupInstance (0ms)
			ReleaseScriptingObjects (0ms)
			CreateAndSetChildDomain (30ms)
		EndReloadAssembly (712ms)
			LoadAssemblies (79ms)
			RebuildTransferFunctionScriptingTraits (0ms)
			SetupTypeCache (202ms)
			ReleaseScriptCaches (1ms)
			RebuildScriptCaches (40ms)
			SetupLoadedEditorAssemblies (340ms)
				LogAssemblyErrors (0ms)
				InitializePlatformSupportModulesInManaged (12ms)
				SetLoadedEditorAssemblies (0ms)
				RefreshPlugins (1ms)
				BeforeProcessingInitializeOnLoad (82ms)
				ProcessInitializeOnLoadAttributes (199ms)
				ProcessInitializeOnLoadMethodAttributes (37ms)
				AfterProcessingInitializeOnLoad (9ms)
				EditorAssembliesLoaded (0ms)
			ExecutionOrderSort2 (0ms)
			AwakeInstancesAfterBackupRestoration (9ms)
Platform modules already initialized, skipping
Refreshing native plugins compatible for Editor in 2.80 ms, found 4 plugins.
Preloading 0 native plugins for Editor in 0.00 ms.
Unloading 4066 Unused Serialized files (Serialized files now loaded: 0)
Unloading 25 unused Assets / (24.8 KB). Loaded Objects now: 4573.
Memory consumption went from 156.3 MB to 156.3 MB.
Total: 2.921700 ms (FindLiveObjects: 0.325900 ms CreateObjectMapping: 0.095100 ms MarkObjects: 2.469500 ms  DeleteObjects: 0.030400 ms)

AssetImportParameters requested are different than current active one (requested -> active):
  custom:video-decoder-ogg-theora: a1e56fd34408186e4bbccfd4996cb3dc -> 
  custom:container-muxer-webm: aa71ff27fc2769a1b78a27578f13a17b -> 
  custom:container-demuxer-webm: 4f35f7cbe854078d1ac9338744f61a02 -> 
  custom:video-encoder-webm-vp8: eb34c28f22e8b96e1ab97ce403110664 -> 
  custom:audio-encoder-webm-vorbis: bf7c407c2cedff20999df2af8eb42d56 -> 
  custom:framework-win-MediaFoundation: 216162199b28c13a410421893ffa2e32 -> 
  custom:container-demuxer-ogg: 62fdf1f143b41e24485cea50d1cbac27 -> 
  custom:video-decoder-webm-vp8: 9c59270c3fd7afecdb556c50c9e8de78 -> 
  custom:audio-decoder-ogg-vorbis: bf7c407c2cedff20999df2af8eb42d56 -> 
========================================================================
Received Prepare
Registering precompiled user dll's ...
Registered in 0.007995 seconds.
Begin MonoManager ReloadAssembly
Symbol file LoadedFromMemory doesn't match image C:\Users\Archie Minney\Documents\GitHub\Jammin\LoveAtADistance\Library\PackageCache\com.unity.visualscripting@1.7.8\Editor\VisualScripting.Core\Dependencies\YamlDotNet\Unity.VisualScripting.YamlDotNet.dll
Symbol file LoadedFromMemory doesn't match image C:\Users\Archie Minney\Documents\GitHub\Jammin\LoveAtADistance\Library\PackageCache\com.unity.visualscripting@1.7.8\Editor\VisualScripting.Core\Dependencies\DotNetZip\Unity.VisualScripting.IonicZip.dll
Native extension for WindowsStandalone target not found
Refreshing native plugins compatible for Editor in 0.78 ms, found 4 plugins.
Preloading 0 native plugins for Editor in 0.00 ms.
Mono: successfully reloaded assembly
- Completed reload, in  0.972 seconds
Domain Reload Profiling:
	ReloadAssembly (972ms)
		BeginReloadAssembly (126ms)
			ExecutionOrderSort (0ms)
			DisableScriptedObjects (6ms)
			BackupInstance (0ms)
			ReleaseScriptingObjects (0ms)
			CreateAndSetChildDomain (31ms)
		EndReloadAssembly (744ms)
			LoadAssemblies (90ms)
			RebuildTransferFunctionScriptingTraits (0ms)
			SetupTypeCache (219ms)
			ReleaseScriptCaches (1ms)
			RebuildScriptCaches (41ms)
			SetupLoadedEditorAssemblies (349ms)
				LogAssemblyErrors (0ms)
				InitializePlatformSupportModulesInManaged (12ms)
				SetLoadedEditorAssemblies (0ms)
				RefreshPlugins (1ms)
				BeforeProcessingInitializeOnLoad (75ms)
				ProcessInitializeOnLoadAttributes (211ms)
				ProcessInitializeOnLoadMethodAttributes (37ms)
				AfterProcessingInitializeOnLoad (13ms)
				EditorAssembliesLoaded (0ms)
			ExecutionOrderSort2 (0ms)
			AwakeInstancesAfterBackupRestoration (10ms)
Platform modules already initialized, skipping
Refreshing native plugins compatible for Editor in 2.69 ms, found 4 plugins.
Preloading 0 native plugins for Editor in 0.00 ms.
Unloading 4066 Unused Serialized files (Serialized files now loaded: 0)
Unloading 25 unused Assets / (24.7 KB). Loaded Objects now: 4576.
Memory consumption went from 156.3 MB to 156.3 MB.
Total: 2.876300 ms (FindLiveObjects: 0.338600 ms CreateObjectMapping: 0.103200 ms MarkObjects: 2.411700 ms  DeleteObjects: 0.022000 ms)

AssetImportParameters requested are different than current active one (requested -> active):
  custom:video-decoder-ogg-theora: a1e56fd34408186e4bbccfd4996cb3dc -> 
  custom:container-muxer-webm: aa71ff27fc2769a1b78a27578f13a17b -> 
  custom:container-demuxer-webm: 4f35f7cbe854078d1ac9338744f61a02 -> 
  custom:video-encoder-webm-vp8: eb34c28f22e8b96e1ab97ce403110664 -> 
  custom:audio-encoder-webm-vorbis: bf7c407c2cedff20999df2af8eb42d56 -> 
  custom:framework-win-MediaFoundation: 216162199b28c13a410421893ffa2e32 -> 
  custom:container-demuxer-ogg: 62fdf1f143b41e24485cea50d1cbac27 -> 
  custom:video-decoder-webm-vp8: 9c59270c3fd7afecdb556c50c9e8de78 -> 
  custom:audio-decoder-ogg-vorbis: bf7c407c2cedff20999df2af8eb42d56 -> 
========================================================================
Received Prepare
Registering precompiled user dll's ...
Registered in 0.007891 seconds.
Begin MonoManager ReloadAssembly
Symbol file LoadedFromMemory doesn't match image C:\Users\Archie Minney\Documents\GitHub\Jammin\LoveAtADistance\Library\PackageCache\com.unity.visualscripting@1.7.8\Editor\VisualScripting.Core\Dependencies\YamlDotNet\Unity.VisualScripting.YamlDotNet.dll
Symbol file LoadedFromMemory doesn't match image C:\Users\Archie Minney\Documents\GitHub\Jammin\LoveAtADistance\Library\PackageCache\com.unity.visualscripting@1.7.8\Editor\VisualScripting.Core\Dependencies\DotNetZip\Unity.VisualScripting.IonicZip.dll
Native extension for WindowsStandalone target not found
Refreshing native plugins compatible for Editor in 0.77 ms, found 4 plugins.
Preloading 0 native plugins for Editor in 0.00 ms.
Mono: successfully reloaded assembly
- Completed reload, in  0.960 seconds
Domain Reload Profiling:
	ReloadAssembly (961ms)
		BeginReloadAssembly (131ms)
			ExecutionOrderSort (0ms)
			DisableScriptedObjects (6ms)
			BackupInstance (0ms)
			ReleaseScriptingObjects (0ms)
			CreateAndSetChildDomain (33ms)
		EndReloadAssembly (734ms)
			LoadAssemblies (90ms)
			RebuildTransferFunctionScriptingTraits (0ms)
			SetupTypeCache (208ms)
			ReleaseScriptCaches (1ms)
			RebuildScriptCaches (42ms)
			SetupLoadedEditorAssemblies (345ms)
				LogAssemblyErrors (0ms)
				InitializePlatformSupportModulesInManaged (13ms)
				SetLoadedEditorAssemblies (0ms)
				RefreshPlugins (1ms)
				BeforeProcessingInitializeOnLoad (89ms)
				ProcessInitializeOnLoadAttributes (194ms)
				ProcessInitializeOnLoadMethodAttributes (37ms)
				AfterProcessingInitializeOnLoad (10ms)
				EditorAssembliesLoaded (0ms)
			ExecutionOrderSort2 (0ms)
			AwakeInstancesAfterBackupRestoration (13ms)
Platform modules already initialized, skipping
Refreshing native plugins compatible for Editor in 2.50 ms, found 4 plugins.
Preloading 0 native plugins for Editor in 0.00 ms.
Unloading 4066 Unused Serialized files (Serialized files now loaded: 0)
Unloading 25 unused Assets / (24.7 KB). Loaded Objects now: 4579.
Memory consumption went from 156.3 MB to 156.3 MB.
Total: 2.835600 ms (FindLiveObjects: 0.302900 ms CreateObjectMapping: 0.096800 ms MarkObjects: 2.411600 ms  DeleteObjects: 0.023300 ms)

AssetImportParameters requested are different than current active one (requested -> active):
  custom:video-decoder-ogg-theora: a1e56fd34408186e4bbccfd4996cb3dc -> 
  custom:container-muxer-webm: aa71ff27fc2769a1b78a27578f13a17b -> 
  custom:container-demuxer-webm: 4f35f7cbe854078d1ac9338744f61a02 -> 
  custom:video-encoder-webm-vp8: eb34c28f22e8b96e1ab97ce403110664 -> 
  custom:audio-encoder-webm-vorbis: bf7c407c2cedff20999df2af8eb42d56 -> 
  custom:framework-win-MediaFoundation: 216162199b28c13a410421893ffa2e32 -> 
  custom:container-demuxer-ogg: 62fdf1f143b41e24485cea50d1cbac27 -> 
  custom:video-decoder-webm-vp8: 9c59270c3fd7afecdb556c50c9e8de78 -> 
  custom:audio-decoder-ogg-vorbis: bf7c407c2cedff20999df2af8eb42d56 -> 
========================================================================
Received Prepare
Registering precompiled user dll's ...
Registered in 0.008287 seconds.
Begin MonoManager ReloadAssembly
Symbol file LoadedFromMemory doesn't match image C:\Users\Archie Minney\Documents\GitHub\Jammin\LoveAtADistance\Library\PackageCache\com.unity.visualscripting@1.7.8\Editor\VisualScripting.Core\Dependencies\YamlDotNet\Unity.VisualScripting.YamlDotNet.dll
Symbol file LoadedFromMemory doesn't match image C:\Users\Archie Minney\Documents\GitHub\Jammin\LoveAtADistance\Library\PackageCache\com.unity.visualscripting@1.7.8\Editor\VisualScripting.Core\Dependencies\DotNetZip\Unity.VisualScripting.IonicZip.dll
Native extension for WindowsStandalone target not found
Refreshing native plugins compatible for Editor in 0.84 ms, found 4 plugins.
Preloading 0 native plugins for Editor in 0.00 ms.
Mono: successfully reloaded assembly
- Completed reload, in  0.945 seconds
Domain Reload Profiling:
	ReloadAssembly (946ms)
		BeginReloadAssembly (121ms)
			ExecutionOrderSort (0ms)
			DisableScriptedObjects (6ms)
			BackupInstance (0ms)
			ReleaseScriptingObjects (0ms)
			CreateAndSetChildDomain (32ms)
		EndReloadAssembly (724ms)
			LoadAssemblies (83ms)
			RebuildTransferFunctionScriptingTraits (0ms)
			SetupTypeCache (212ms)
			ReleaseScriptCaches (1ms)
			RebuildScriptCaches (47ms)
			SetupLoadedEditorAssemblies (332ms)
				LogAssemblyErrors (0ms)
				InitializePlatformSupportModulesInManaged (12ms)
				SetLoadedEditorAssemblies (0ms)
				RefreshPlugins (1ms)
				BeforeProcessingInitializeOnLoad (80ms)
				ProcessInitializeOnLoadAttributes (195ms)
				ProcessInitializeOnLoadMethodAttributes (35ms)
				AfterProcessingInitializeOnLoad (10ms)
				EditorAssembliesLoaded (0ms)
			ExecutionOrderSort2 (0ms)
			AwakeInstancesAfterBackupRestoration (9ms)
Platform modules already initialized, skipping
Refreshing native plugins compatible for Editor in 2.56 ms, found 4 plugins.
Preloading 0 native plugins for Editor in 0.00 ms.
Unloading 4066 Unused Serialized files (Serialized files now loaded: 0)
Unloading 25 unused Assets / (24.6 KB). Loaded Objects now: 4582.
Memory consumption went from 156.3 MB to 156.3 MB.
Total: 2.805000 ms (FindLiveObjects: 0.299300 ms CreateObjectMapping: 0.094300 ms MarkObjects: 2.390600 ms  DeleteObjects: 0.020400 ms)

AssetImportParameters requested are different than current active one (requested -> active):
  custom:video-decoder-ogg-theora: a1e56fd34408186e4bbccfd4996cb3dc -> 
  custom:container-muxer-webm: aa71ff27fc2769a1b78a27578f13a17b -> 
  custom:container-demuxer-webm: 4f35f7cbe854078d1ac9338744f61a02 -> 
  custom:video-encoder-webm-vp8: eb34c28f22e8b96e1ab97ce403110664 -> 
  custom:audio-encoder-webm-vorbis: bf7c407c2cedff20999df2af8eb42d56 -> 
  custom:framework-win-MediaFoundation: 216162199b28c13a410421893ffa2e32 -> 
  custom:container-demuxer-ogg: 62fdf1f143b41e24485cea50d1cbac27 -> 
  custom:video-decoder-webm-vp8: 9c59270c3fd7afecdb556c50c9e8de78 -> 
  custom:audio-decoder-ogg-vorbis: bf7c407c2cedff20999df2af8eb42d56 -> 
========================================================================
Received Prepare
Registering precompiled user dll's ...
Registered in 0.007646 seconds.
Begin MonoManager ReloadAssembly
Symbol file LoadedFromMemory doesn't match image C:\Users\Archie Minney\Documents\GitHub\Jammin\LoveAtADistance\Library\PackageCache\com.unity.visualscripting@1.7.8\Editor\VisualScripting.Core\Dependencies\YamlDotNet\Unity.VisualScripting.YamlDotNet.dll
Symbol file LoadedFromMemory doesn't match image C:\Users\Archie Minney\Documents\GitHub\Jammin\LoveAtADistance\Library\PackageCache\com.unity.visualscripting@1.7.8\Editor\VisualScripting.Core\Dependencies\DotNetZip\Unity.VisualScripting.IonicZip.dll
Native extension for WindowsStandalone target not found
Refreshing native plugins compatible for Editor in 0.60 ms, found 4 plugins.
Preloading 0 native plugins for Editor in 0.00 ms.
Mono: successfully reloaded assembly
- Completed reload, in  0.955 seconds
Domain Reload Profiling:
	ReloadAssembly (956ms)
		BeginReloadAssembly (129ms)
			ExecutionOrderSort (0ms)
			DisableScriptedObjects (6ms)
			BackupInstance (0ms)
			ReleaseScriptingObjects (0ms)
			CreateAndSetChildDomain (31ms)
		EndReloadAssembly (730ms)
			LoadAssemblies (89ms)
			RebuildTransferFunctionScriptingTraits (0ms)
			SetupTypeCache (224ms)
			ReleaseScriptCaches (1ms)
			RebuildScriptCaches (40ms)
			SetupLoadedEditorAssemblies (340ms)
				LogAssemblyErrors (0ms)
				InitializePlatformSupportModulesInManaged (11ms)
				SetLoadedEditorAssemblies (0ms)
				RefreshPlugins (1ms)
				BeforeProcessingInitializeOnLoad (78ms)
				ProcessInitializeOnLoadAttributes (206ms)
				ProcessInitializeOnLoadMethodAttributes (35ms)
				AfterProcessingInitializeOnLoad (9ms)
				EditorAssembliesLoaded (0ms)
			ExecutionOrderSort2 (0ms)
			AwakeInstancesAfterBackupRestoration (8ms)
Platform modules already initialized, skipping
Refreshing native plugins compatible for Editor in 2.71 ms, found 4 plugins.
Preloading 0 native plugins for Editor in 0.00 ms.
Unloading 4066 Unused Serialized files (Serialized files now loaded: 0)
Unloading 25 unused Assets / (25.7 KB). Loaded Objects now: 4585.
Memory consumption went from 156.3 MB to 156.3 MB.
Total: 3.399600 ms (FindLiveObjects: 0.328300 ms CreateObjectMapping: 0.086100 ms MarkObjects: 2.961500 ms  DeleteObjects: 0.022900 ms)

AssetImportParameters requested are different than current active one (requested -> active):
  custom:video-decoder-ogg-theora: a1e56fd34408186e4bbccfd4996cb3dc -> 
  custom:container-muxer-webm: aa71ff27fc2769a1b78a27578f13a17b -> 
  custom:container-demuxer-webm: 4f35f7cbe854078d1ac9338744f61a02 -> 
  custom:video-encoder-webm-vp8: eb34c28f22e8b96e1ab97ce403110664 -> 
  custom:audio-encoder-webm-vorbis: bf7c407c2cedff20999df2af8eb42d56 -> 
  custom:framework-win-MediaFoundation: 216162199b28c13a410421893ffa2e32 -> 
  custom:container-demuxer-ogg: 62fdf1f143b41e24485cea50d1cbac27 -> 
  custom:video-decoder-webm-vp8: 9c59270c3fd7afecdb556c50c9e8de78 -> 
  custom:audio-decoder-ogg-vorbis: bf7c407c2cedff20999df2af8eb42d56 -> 
========================================================================
Received Prepare
Registering precompiled user dll's ...
Registered in 0.008554 seconds.
Begin MonoManager ReloadAssembly
Symbol file LoadedFromMemory doesn't match image C:\Users\Archie Minney\Documents\GitHub\Jammin\LoveAtADistance\Library\PackageCache\com.unity.visualscripting@1.7.8\Editor\VisualScripting.Core\Dependencies\YamlDotNet\Unity.VisualScripting.YamlDotNet.dll
Symbol file LoadedFromMemory doesn't match image C:\Users\Archie Minney\Documents\GitHub\Jammin\LoveAtADistance\Library\PackageCache\com.unity.visualscripting@1.7.8\Editor\VisualScripting.Core\Dependencies\DotNetZip\Unity.VisualScripting.IonicZip.dll
Native extension for WindowsStandalone target not found
Refreshing native plugins compatible for Editor in 0.75 ms, found 4 plugins.
Preloading 0 native plugins for Editor in 0.00 ms.
Mono: successfully reloaded assembly
- Completed reload, in  0.966 seconds
Domain Reload Profiling:
	ReloadAssembly (966ms)
		BeginReloadAssembly (121ms)
			ExecutionOrderSort (0ms)
			DisableScriptedObjects (6ms)
			BackupInstance (0ms)
			ReleaseScriptingObjects (0ms)
			CreateAndSetChildDomain (32ms)
		EndReloadAssembly (746ms)
			LoadAssemblies (86ms)
			RebuildTransferFunctionScriptingTraits (0ms)
			SetupTypeCache (218ms)
			ReleaseScriptCaches (1ms)
			RebuildScriptCaches (41ms)
			SetupLoadedEditorAssemblies (359ms)
				LogAssemblyErrors (0ms)
				InitializePlatformSupportModulesInManaged (12ms)
				SetLoadedEditorAssemblies (0ms)
				RefreshPlugins (1ms)
				BeforeProcessingInitializeOnLoad (92ms)
				ProcessInitializeOnLoadAttributes (206ms)
				ProcessInitializeOnLoadMethodAttributes (38ms)
				AfterProcessingInitializeOnLoad (10ms)
				EditorAssembliesLoaded (0ms)
			ExecutionOrderSort2 (0ms)
			AwakeInstancesAfterBackupRestoration (10ms)
Platform modules already initialized, skipping
Refreshing native plugins compatible for Editor in 2.80 ms, found 4 plugins.
Preloading 0 native plugins for Editor in 0.00 ms.
Unloading 4066 Unused Serialized files (Serialized files now loaded: 0)
Unloading 25 unused Assets / (24.8 KB). Loaded Objects now: 4588.
Memory consumption went from 156.3 MB to 156.3 MB.
Total: 3.359300 ms (FindLiveObjects: 0.330500 ms CreateObjectMapping: 0.293200 ms MarkObjects: 2.710100 ms  DeleteObjects: 0.024700 ms)

AssetImportParameters requested are different than current active one (requested -> active):
  custom:video-decoder-ogg-theora: a1e56fd34408186e4bbccfd4996cb3dc -> 
  custom:container-muxer-webm: aa71ff27fc2769a1b78a27578f13a17b -> 
  custom:container-demuxer-webm: 4f35f7cbe854078d1ac9338744f61a02 -> 
  custom:video-encoder-webm-vp8: eb34c28f22e8b96e1ab97ce403110664 -> 
  custom:audio-encoder-webm-vorbis: bf7c407c2cedff20999df2af8eb42d56 -> 
  custom:framework-win-MediaFoundation: 216162199b28c13a410421893ffa2e32 -> 
  custom:container-demuxer-ogg: 62fdf1f143b41e24485cea50d1cbac27 -> 
  custom:video-decoder-webm-vp8: 9c59270c3fd7afecdb556c50c9e8de78 -> 
  custom:audio-decoder-ogg-vorbis: bf7c407c2cedff20999df2af8eb42d56 -> 
========================================================================
Received Prepare
Registering precompiled user dll's ...
Registered in 0.007357 seconds.
Begin MonoManager ReloadAssembly
Symbol file LoadedFromMemory doesn't match image C:\Users\Archie Minney\Documents\GitHub\Jammin\LoveAtADistance\Library\PackageCache\com.unity.visualscripting@1.7.8\Editor\VisualScripting.Core\Dependencies\YamlDotNet\Unity.VisualScripting.YamlDotNet.dll
Symbol file LoadedFromMemory doesn't match image C:\Users\Archie Minney\Documents\GitHub\Jammin\LoveAtADistance\Library\PackageCache\com.unity.visualscripting@1.7.8\Editor\VisualScripting.Core\Dependencies\DotNetZip\Unity.VisualScripting.IonicZip.dll
Native extension for WindowsStandalone target not found
Refreshing native plugins compatible for Editor in 0.75 ms, found 4 plugins.
Preloading 0 native plugins for Editor in 0.00 ms.
Mono: successfully reloaded assembly
- Completed reload, in  0.908 seconds
Domain Reload Profiling:
	ReloadAssembly (909ms)
		BeginReloadAssembly (122ms)
			ExecutionOrderSort (0ms)
			DisableScriptedObjects (7ms)
			BackupInstance (0ms)
			ReleaseScriptingObjects (0ms)
			CreateAndSetChildDomain (31ms)
		EndReloadAssembly (691ms)
			LoadAssemblies (83ms)
			RebuildTransferFunctionScriptingTraits (0ms)
			SetupTypeCache (208ms)
			ReleaseScriptCaches (3ms)
			RebuildScriptCaches (43ms)
			SetupLoadedEditorAssemblies (304ms)
				LogAssemblyErrors (0ms)
				InitializePlatformSupportModulesInManaged (11ms)
				SetLoadedEditorAssemblies (0ms)
				RefreshPlugins (1ms)
				BeforeProcessingInitializeOnLoad (71ms)
				ProcessInitializeOnLoadAttributes (180ms)
				ProcessInitializeOnLoadMethodAttributes (32ms)
				AfterProcessingInitializeOnLoad (8ms)
				EditorAssembliesLoaded (0ms)
			ExecutionOrderSort2 (0ms)
			AwakeInstancesAfterBackupRestoration (8ms)
Platform modules already initialized, skipping
Refreshing native plugins compatible for Editor in 2.80 ms, found 4 plugins.
Preloading 0 native plugins for Editor in 0.00 ms.
Unloading 4066 Unused Serialized files (Serialized files now loaded: 0)
Unloading 25 unused Assets / (24.7 KB). Loaded Objects now: 4591.
Memory consumption went from 156.4 MB to 156.3 MB.
Total: 5.402800 ms (FindLiveObjects: 0.576300 ms CreateObjectMapping: 0.388600 ms MarkObjects: 4.387700 ms  DeleteObjects: 0.049000 ms)

AssetImportParameters requested are different than current active one (requested -> active):
  custom:video-decoder-ogg-theora: a1e56fd34408186e4bbccfd4996cb3dc -> 
  custom:container-muxer-webm: aa71ff27fc2769a1b78a27578f13a17b -> 
  custom:container-demuxer-webm: 4f35f7cbe854078d1ac9338744f61a02 -> 
  custom:video-encoder-webm-vp8: eb34c28f22e8b96e1ab97ce403110664 -> 
  custom:audio-encoder-webm-vorbis: bf7c407c2cedff20999df2af8eb42d56 -> 
  custom:framework-win-MediaFoundation: 216162199b28c13a410421893ffa2e32 -> 
  custom:container-demuxer-ogg: 62fdf1f143b41e24485cea50d1cbac27 -> 
  custom:video-decoder-webm-vp8: 9c59270c3fd7afecdb556c50c9e8de78 -> 
  custom:audio-decoder-ogg-vorbis: bf7c407c2cedff20999df2af8eb42d56 -> 
========================================================================
Received Prepare
Registering precompiled user dll's ...
Registered in 0.007626 seconds.
Begin MonoManager ReloadAssembly
Symbol file LoadedFromMemory doesn't match image C:\Users\Archie Minney\Documents\GitHub\Jammin\LoveAtADistance\Library\PackageCache\com.unity.visualscripting@1.7.8\Editor\VisualScripting.Core\Dependencies\YamlDotNet\Unity.VisualScripting.YamlDotNet.dll
Symbol file LoadedFromMemory doesn't match image C:\Users\Archie Minney\Documents\GitHub\Jammin\LoveAtADistance\Library\PackageCache\com.unity.visualscripting@1.7.8\Editor\VisualScripting.Core\Dependencies\DotNetZip\Unity.VisualScripting.IonicZip.dll
Native extension for WindowsStandalone target not found
Refreshing native plugins compatible for Editor in 0.72 ms, found 4 plugins.
Preloading 0 native plugins for Editor in 0.00 ms.
Mono: successfully reloaded assembly
- Completed reload, in  0.849 seconds
Domain Reload Profiling:
	ReloadAssembly (850ms)
		BeginReloadAssembly (117ms)
			ExecutionOrderSort (0ms)
			DisableScriptedObjects (6ms)
			BackupInstance (0ms)
			ReleaseScriptingObjects (0ms)
			CreateAndSetChildDomain (32ms)
		EndReloadAssembly (644ms)
			LoadAssemblies (80ms)
			RebuildTransferFunctionScriptingTraits (0ms)
			SetupTypeCache (188ms)
			ReleaseScriptCaches (1ms)
			RebuildScriptCaches (36ms)
			SetupLoadedEditorAssemblies (296ms)
				LogAssemblyErrors (0ms)
				InitializePlatformSupportModulesInManaged (11ms)
				SetLoadedEditorAssemblies (0ms)
				RefreshPlugins (1ms)
				BeforeProcessingInitializeOnLoad (71ms)
				ProcessInitializeOnLoadAttributes (172ms)
				ProcessInitializeOnLoadMethodAttributes (32ms)
				AfterProcessingInitializeOnLoad (9ms)
				EditorAssembliesLoaded (0ms)
			ExecutionOrderSort2 (0ms)
			AwakeInstancesAfterBackupRestoration (8ms)
Platform modules already initialized, skipping
Refreshing native plugins compatible for Editor in 2.55 ms, found 4 plugins.
Preloading 0 native plugins for Editor in 0.00 ms.
Unloading 4066 Unused Serialized files (Serialized files now loaded: 0)
Unloading 25 unused Assets / (24.7 KB). Loaded Objects now: 4594.
Memory consumption went from 156.4 MB to 156.3 MB.
Total: 2.735000 ms (FindLiveObjects: 0.298800 ms CreateObjectMapping: 0.093000 ms MarkObjects: 2.322100 ms  DeleteObjects: 0.020200 ms)

AssetImportParameters requested are different than current active one (requested -> active):
  custom:video-decoder-ogg-theora: a1e56fd34408186e4bbccfd4996cb3dc -> 
  custom:container-muxer-webm: aa71ff27fc2769a1b78a27578f13a17b -> 
  custom:container-demuxer-webm: 4f35f7cbe854078d1ac9338744f61a02 -> 
  custom:video-encoder-webm-vp8: eb34c28f22e8b96e1ab97ce403110664 -> 
  custom:audio-encoder-webm-vorbis: bf7c407c2cedff20999df2af8eb42d56 -> 
  custom:framework-win-MediaFoundation: 216162199b28c13a410421893ffa2e32 -> 
  custom:container-demuxer-ogg: 62fdf1f143b41e24485cea50d1cbac27 -> 
  custom:video-decoder-webm-vp8: 9c59270c3fd7afecdb556c50c9e8de78 -> 
  custom:audio-decoder-ogg-vorbis: bf7c407c2cedff20999df2af8eb42d56 -> 
